#
# There is insufficient memory for the Java Runtime Environment to continue.
# Native memory allocation (mmap) failed to map 74973184 bytes for committing reserved memory.
# Possible reasons:
#   The system is out of physical RAM or swap space
#   In 32 bit mode, the process size limit was hit
# Possible solutions:
#   Reduce memory load on the system
#   Increase physical memory or swap space
#   Check if swap backing store is full
#   Use 64 bit Java on a 64 bit OS
#   Decrease Java heap size (-Xmx/-Xms)
#   Decrease number of Java threads
#   Decrease Java thread stack sizes (-Xss)
#   Set larger code cache with -XX:ReservedCodeCacheSize=
# This output file may be truncated or incomplete.
#
#  Out of Memory Error (os_linux.cpp:2643), pid=20062, tid=0x00007f2c5f2f2700
#
# JRE version: OpenJDK Runtime Environment (8.0_151-b12) (build 1.8.0_151-8u151-b12-0ubuntu0.17.10.2-b12)
# Java VM: OpenJDK 64-Bit Server VM (25.151-b12 mixed mode linux-amd64 compressed oops)
# Failed to write core dump. Core dumps have been disabled. To enable core dumping, try "ulimit -c unlimited" before starting Java again
#

---------------  T H R E A D  ---------------

Current thread (0x00007f2c84078000):  VMThread [stack: 0x00007f2c5f1f2000,0x00007f2c5f2f3000] [id=20080]

Stack: [0x00007f2c5f1f2000,0x00007f2c5f2f3000],  sp=0x00007f2c5f2f1490,  free space=1021k
Native frames: (J=compiled Java code, j=interpreted, Vv=VM code, C=native code)
V  [libjvm.so+0xaa61a2]
V  [libjvm.so+0x4d6d87]
V  [libjvm.so+0x8e2760]
V  [libjvm.so+0x8dcdce]
V  [libjvm.so+0x95cc36]
V  [libjvm.so+0x95dfa8]
V  [libjvm.so+0x95a5a6]
V  [libjvm.so+0x95a93c]
V  [libjvm.so+0x909488]
V  [libjvm.so+0xaa7e12]
V  [libjvm.so+0xaac8e6]
V  [libjvm.so+0xaaac65]
V  [libjvm.so+0xaab5dd]
V  [libjvm.so+0xaab9b7]
V  [libjvm.so+0x8dfcb2]

VM_Operation (0x00007f2c8c4376a0): ParallelGCFailedAllocation, mode: safepoint, requested by thread 0x00007f2c8400a800


---------------  P R O C E S S  ---------------

Java Threads: ( => current thread )
  0x00007f2c85f57000 JavaThread "File lock request listener" [_thread_in_native, id=20391, stack(0x00007f2c2f4e8000,0x00007f2c2f5e9000)]
  0x00007f2c8510c000 JavaThread "pool-1-thread-1" [_thread_blocked, id=20368, stack(0x00007f2c5c074000,0x00007f2c5c175000)]
  0x00007f2c840c2000 JavaThread "Service Thread" daemon [_thread_blocked, id=20087, stack(0x00007f2c5e80f000,0x00007f2c5e910000)]
  0x00007f2c840b2800 JavaThread "C1 CompilerThread2" daemon [_thread_blocked, id=20086, stack(0x00007f2c5e910000,0x00007f2c5ea11000)]
  0x00007f2c840b0800 JavaThread "C2 CompilerThread1" daemon [_thread_blocked, id=20085, stack(0x00007f2c5ea11000,0x00007f2c5eb12000)]
  0x00007f2c840ae000 JavaThread "C2 CompilerThread0" daemon [_thread_blocked, id=20084, stack(0x00007f2c5eb12000,0x00007f2c5ec13000)]
  0x00007f2c840ab800 JavaThread "Signal Dispatcher" daemon [_thread_blocked, id=20083, stack(0x00007f2c5ec13000,0x00007f2c5ed14000)]
  0x00007f2c84084000 JavaThread "Finalizer" daemon [_thread_blocked, id=20082, stack(0x00007f2c5eff0000,0x00007f2c5f0f1000)]
  0x00007f2c8407f800 JavaThread "Reference Handler" daemon [_thread_blocked, id=20081, stack(0x00007f2c5f0f1000,0x00007f2c5f1f2000)]
  0x00007f2c8400a800 JavaThread "main" [_thread_blocked, id=20075, stack(0x00007f2c8c33b000,0x00007f2c8c43c000)]

Other Threads:
=>0x00007f2c84078000 VMThread [stack: 0x00007f2c5f1f2000,0x00007f2c5f2f3000] [id=20080]
  0x00007f2c840c4800 WatcherThread [stack: 0x00007f2c5e70e000,0x00007f2c5e80f000] [id=20088]

VM state:at safepoint (normal execution)

VM Mutex/Monitor currently owned by a thread:  ([mutex/lock_event])
[0x00007f2c84006e20] Threads_lock - owner thread: 0x00007f2c84078000
[0x00007f2c84007320] Heap_lock - owner thread: 0x00007f2c8400a800

Heap:
 PSYoungGen      total 324096K, used 2450K [0x00000000d6e00000, 0x00000000ec900000, 0x0000000100000000)
  eden space 292864K, 0% used [0x00000000d6e00000,0x00000000d6e00000,0x00000000e8c00000)
  from space 31232K, 7% used [0x00000000e8c00000,0x00000000e8e64b58,0x00000000eaa80000)
  to   space 22528K, 0% used [0x00000000eb300000,0x00000000eb300000,0x00000000ec900000)
 ParOldGen       total 92672K, used 36678K [0x0000000084a00000, 0x000000008a480000, 0x00000000d6e00000)
  object space 92672K, 39% used [0x0000000084a00000,0x0000000086dd1bc8,0x000000008a480000)
 Metaspace       used 51189K, capacity 52280K, committed 52520K, reserved 1095680K
  class space    used 6499K, capacity 6833K, committed 6960K, reserved 1048576K

Card table byte_map: [0x00007f2c8856b000,0x00007f2c88947000] byte_map_base: 0x00007f2c88146000

Marking Bits: (ParMarkBitMap*) 0x00007f2c8b5e70e0
 Begin Bits: [0x00007f2c64250000, 0x00007f2c66128000)
 End Bits:   [0x00007f2c66128000, 0x00007f2c68000000)

Polling page: 0x00007f2c8c457000

CodeCache: size=245760Kb used=24663Kb max_used=24699Kb free=221096Kb
 bounds [0x00007f2c75000000, 0x00007f2c76840000, 0x00007f2c84000000]
 total_blobs=7674 nmethods=6914 adapters=672
 compilation: enabled

Compilation events (10 events):
Event: 121.790 Thread 0x00007f2c840b2800 7814   !   3       org.gradle.internal.event.DefaultListenerManager$EventBroadcast::startNotification (204 bytes)
Event: 121.793 Thread 0x00007f2c840b2800 nmethod 7814 0x00007f2c76832fd0 code [0x00007f2c76833400, 0x00007f2c76835c58]
Event: 121.793 Thread 0x00007f2c840b2800 7815   !   3       org.gradle.internal.event.AbstractBroadcastDispatch::dispatch (127 bytes)
Event: 121.795 Thread 0x00007f2c840b2800 nmethod 7815 0x00007f2c76837e50 code [0x00007f2c768381c0, 0x00007f2c7683a058]
Event: 121.882 Thread 0x00007f2c840b2800 7816       1       org.gradle.internal.logging.console.AnsiConsole::access$700 (5 bytes)
Event: 121.933 Thread 0x00007f2c840b2800 nmethod 7816 0x00007f2c76832650 code [0x00007f2c768327a0, 0x00007f2c76832890]
Event: 122.124 Thread 0x00007f2c840b0800 7817       4       sun.security.ssl.AppInputStream::available (30 bytes)
Event: 122.212 Thread 0x00007f2c840b0800 nmethod 7817 0x00007f2c76830950 code [0x00007f2c76830ac0, 0x00007f2c76830f58]
Event: 123.577 Thread 0x00007f2c840ae000 7818  s    4       java.nio.channels.Channels$1::write (107 bytes)
Event: 123.712 Thread 0x00007f2c840ae000 nmethod 7818 0x00007f2c7683bcd0 code [0x00007f2c7683be80, 0x00007f2c7683c5c8]

GC Heap History (10 events):
Event: 24.978 GC heap after
Heap after GC invocations=12 (full 1):
 PSYoungGen      total 206336K, used 17362K [0x00000000d6e00000, 0x00000000ea880000, 0x0000000100000000)
  eden space 174080K, 0% used [0x00000000d6e00000,0x00000000d6e00000,0x00000000e1800000)
  from space 32256K, 53% used [0x00000000e1800000,0x00000000e28f4978,0x00000000e3780000)
  to   space 32256K, 0% used [0x00000000e8900000,0x00000000e8900000,0x00000000ea880000)
 ParOldGen       total 67072K, used 12534K [0x0000000084a00000, 0x0000000088b80000, 0x00000000d6e00000)
  object space 67072K, 18% used [0x0000000084a00000,0x000000008563dab8,0x0000000088b80000)
 Metaspace       used 34675K, capacity 35238K, committed 35496K, reserved 1079296K
  class space    used 4576K, capacity 4767K, committed 4784K, reserved 1048576K
}
Event: 24.978 GC heap before
{Heap before GC invocations=13 (full 2):
 PSYoungGen      total 206336K, used 17362K [0x00000000d6e00000, 0x00000000ea880000, 0x0000000100000000)
  eden space 174080K, 0% used [0x00000000d6e00000,0x00000000d6e00000,0x00000000e1800000)
  from space 32256K, 53% used [0x00000000e1800000,0x00000000e28f4978,0x00000000e3780000)
  to   space 32256K, 0% used [0x00000000e8900000,0x00000000e8900000,0x00000000ea880000)
 ParOldGen       total 67072K, used 12534K [0x0000000084a00000, 0x0000000088b80000, 0x00000000d6e00000)
  object space 67072K, 18% used [0x0000000084a00000,0x000000008563dab8,0x0000000088b80000)
 Metaspace       used 34675K, capacity 35238K, committed 35496K, reserved 1079296K
  class space    used 4576K, capacity 4767K, committed 4784K, reserved 1048576K
Event: 25.044 GC heap after
Heap after GC invocations=13 (full 2):
 PSYoungGen      total 206336K, used 0K [0x00000000d6e00000, 0x00000000ea880000, 0x0000000100000000)
  eden space 174080K, 0% used [0x00000000d6e00000,0x00000000d6e00000,0x00000000e1800000)
  from space 32256K, 0% used [0x00000000e1800000,0x00000000e1800000,0x00000000e3780000)
  to   space 32256K, 0% used [0x00000000e8900000,0x00000000e8900000,0x00000000ea880000)
 ParOldGen       total 92672K, used 24222K [0x0000000084a00000, 0x000000008a480000, 0x00000000d6e00000)
  object space 92672K, 26% used [0x0000000084a00000,0x00000000861a7b90,0x000000008a480000)
 Metaspace       used 34656K, capacity 35214K, committed 35496K, reserved 1079296K
  class space    used 4570K, capacity 4759K, committed 4784K, reserved 1048576K
}
Event: 81.977 GC heap before
{Heap before GC invocations=14 (full 2):
 PSYoungGen      total 206336K, used 174080K [0x00000000d6e00000, 0x00000000ea880000, 0x0000000100000000)
  eden space 174080K, 100% used [0x00000000d6e00000,0x00000000e1800000,0x00000000e1800000)
  from space 32256K, 0% used [0x00000000e1800000,0x00000000e1800000,0x00000000e3780000)
  to   space 32256K, 0% used [0x00000000e8900000,0x00000000e8900000,0x00000000ea880000)
 ParOldGen       total 92672K, used 24222K [0x0000000084a00000, 0x000000008a480000, 0x00000000d6e00000)
  object space 92672K, 26% used [0x0000000084a00000,0x00000000861a7b90,0x000000008a480000)
 Metaspace       used 36068K, capacity 36624K, committed 36904K, reserved 1081344K
  class space    used 4632K, capacity 4834K, committed 4912K, reserved 1048576K
Event: 82.001 GC heap after
Heap after GC invocations=14 (full 2):
 PSYoungGen      total 237568K, used 2690K [0x00000000d6e00000, 0x00000000e8e80000, 0x0000000100000000)
  eden space 231936K, 0% used [0x00000000d6e00000,0x00000000d6e00000,0x00000000e5080000)
  from space 5632K, 47% used [0x00000000e8900000,0x00000000e8ba08c0,0x00000000e8e80000)
  to   space 31744K, 0% used [0x00000000e5080000,0x00000000e5080000,0x00000000e6f80000)
 ParOldGen       total 92672K, used 24230K [0x0000000084a00000, 0x000000008a480000, 0x00000000d6e00000)
  object space 92672K, 26% used [0x0000000084a00000,0x00000000861a9b90,0x000000008a480000)
 Metaspace       used 36068K, capacity 36624K, committed 36904K, reserved 1081344K
  class space    used 4632K, capacity 4834K, committed 4912K, reserved 1048576K
}
Event: 98.691 GC heap before
{Heap before GC invocations=15 (full 2):
 PSYoungGen      total 237568K, used 234626K [0x00000000d6e00000, 0x00000000e8e80000, 0x0000000100000000)
  eden space 231936K, 100% used [0x00000000d6e00000,0x00000000e5080000,0x00000000e5080000)
  from space 5632K, 47% used [0x00000000e8900000,0x00000000e8ba08c0,0x00000000e8e80000)
  to   space 31744K, 0% used [0x00000000e5080000,0x00000000e5080000,0x00000000e6f80000)
 ParOldGen       total 92672K, used 24230K [0x0000000084a00000, 0x000000008a480000, 0x00000000d6e00000)
  object space 92672K, 26% used [0x0000000084a00000,0x00000000861a9b90,0x000000008a480000)
 Metaspace       used 49284K, capacity 50174K, committed 50472K, reserved 1093632K
  class space    used 6326K, capacity 6620K, committed 6704K, reserved 1048576K
Event: 98.718 GC heap after
Heap after GC invocations=15 (full 2):
 PSYoungGen      total 263680K, used 17751K [0x00000000d6e00000, 0x00000000ed280000, 0x0000000100000000)
  eden space 231936K, 0% used [0x00000000d6e00000,0x00000000d6e00000,0x00000000e5080000)
  from space 31744K, 55% used [0x00000000e5080000,0x00000000e61d5f08,0x00000000e6f80000)
  to   space 32256K, 0% used [0x00000000eb300000,0x00000000eb300000,0x00000000ed280000)
 ParOldGen       total 92672K, used 25515K [0x0000000084a00000, 0x000000008a480000, 0x00000000d6e00000)
  object space 92672K, 27% used [0x0000000084a00000,0x00000000862eadb8,0x000000008a480000)
 Metaspace       used 49284K, capacity 50174K, committed 50472K, reserved 1093632K
  class space    used 6326K, capacity 6620K, committed 6704K, reserved 1048576K
}
Event: 110.701 GC heap before
{Heap before GC invocations=16 (full 2):
 PSYoungGen      total 263680K, used 249687K [0x00000000d6e00000, 0x00000000ed280000, 0x0000000100000000)
  eden space 231936K, 100% used [0x00000000d6e00000,0x00000000e5080000,0x00000000e5080000)
  from space 31744K, 55% used [0x00000000e5080000,0x00000000e61d5f08,0x00000000e6f80000)
  to   space 32256K, 0% used [0x00000000eb300000,0x00000000eb300000,0x00000000ed280000)
 ParOldGen       total 92672K, used 25515K [0x0000000084a00000, 0x000000008a480000, 0x00000000d6e00000)
  object space 92672K, 27% used [0x0000000084a00000,0x00000000862eadb8,0x000000008a480000)
 Metaspace       used 50620K, capacity 51724K, committed 51880K, reserved 1093632K
  class space    used 6440K, capacity 6799K, committed 6832K, reserved 1048576K
Event: 110.727 GC heap after
Heap after GC invocations=16 (full 2):
 PSYoungGen      total 315392K, used 4444K [0x00000000d6e00000, 0x00000000ec900000, 0x0000000100000000)
  eden space 292864K, 0% used [0x00000000d6e00000,0x00000000d6e00000,0x00000000e8c00000)
  from space 22528K, 19% used [0x00000000eb300000,0x00000000eb757108,0x00000000ec900000)
  to   space 31232K, 0% used [0x00000000e8c00000,0x00000000e8c00000,0x00000000eaa80000)
 ParOldGen       total 92672K, used 36670K [0x0000000084a00000, 0x000000008a480000, 0x00000000d6e00000)
  object space 92672K, 39% used [0x0000000084a00000,0x0000000086dcfbc8,0x000000008a480000)
 Metaspace       used 50620K, capacity 51724K, committed 51880K, reserved 1093632K
  class space    used 6440K, capacity 6799K, committed 6832K, reserved 1048576K
}
Event: 137.359 GC heap before
{Heap before GC invocations=17 (full 2):
 PSYoungGen      total 315392K, used 297308K [0x00000000d6e00000, 0x00000000ec900000, 0x0000000100000000)
  eden space 292864K, 100% used [0x00000000d6e00000,0x00000000e8c00000,0x00000000e8c00000)
  from space 22528K, 19% used [0x00000000eb300000,0x00000000eb757108,0x00000000ec900000)
  to   space 31232K, 0% used [0x00000000e8c00000,0x00000000e8c00000,0x00000000eaa80000)
 ParOldGen       total 92672K, used 36670K [0x0000000084a00000, 0x000000008a480000, 0x00000000d6e00000)
  object space 92672K, 39% used [0x0000000084a00000,0x0000000086dcfbc8,0x000000008a480000)
 Metaspace       used 51189K, capacity 52280K, committed 52520K, reserved 1095680K
  class space    used 6499K, capacity 6833K, committed 6960K, reserved 1048576K

Deoptimization events (10 events):
Event: 116.753 Thread 0x00007f2c8400a800 Uncommon trap: reason=unstable_if action=reinterpret pc=0x00007f2c7681605c method=java.nio.channels.Channels$1.write([BII)V @ 46
Event: 116.753 Thread 0x00007f2c8400a800 Uncommon trap: reason=class_check action=maybe_recompile pc=0x00007f2c753f0a94 method=java.io.BufferedOutputStream.write([BII)V @ 20
Event: 116.753 Thread 0x00007f2c8400a800 Uncommon trap: reason=class_check action=maybe_recompile pc=0x00007f2c753f0a94 method=java.io.BufferedOutputStream.write([BII)V @ 20
Event: 116.753 Thread 0x00007f2c8400a800 Uncommon trap: reason=class_check action=maybe_recompile pc=0x00007f2c753f0a94 method=java.io.BufferedOutputStream.write([BII)V @ 20
Event: 118.645 Thread 0x00007f2c8400a800 Uncommon trap: reason=unstable_if action=reinterpret pc=0x00007f2c75e27478 method=org.apache.commons.compress.archivers.zip.ZipFile$BoundedInputStream.read([BII)I @ 6
Event: 121.749 Thread 0x00007f2c8400a800 Uncommon trap: reason=class_check action=maybe_recompile pc=0x00007f2c766fdb78 method=org.xml.sax.helpers.XMLFilterImpl.characters([CII)V @ 14
Event: 121.774 Thread 0x00007f2c8400a800 Uncommon trap: reason=class_check action=maybe_recompile pc=0x00007f2c766fdb78 method=org.xml.sax.helpers.XMLFilterImpl.characters([CII)V @ 14
Event: 121.774 Thread 0x00007f2c8400a800 Uncommon trap: reason=class_check action=maybe_recompile pc=0x00007f2c766fdb78 method=org.xml.sax.helpers.XMLFilterImpl.characters([CII)V @ 14
Event: 121.774 Thread 0x00007f2c8400a800 Uncommon trap: reason=class_check action=maybe_recompile pc=0x00007f2c766fdb78 method=org.xml.sax.helpers.XMLFilterImpl.characters([CII)V @ 14
Event: 121.775 Thread 0x00007f2c8400a800 Uncommon trap: reason=unstable_if action=reinterpret pc=0x00007f2c76682530 method=java.lang.ThreadLocal$ThreadLocalMap.remove(Ljava/lang/ThreadLocal;)V @ 26

Internal exceptions (10 events):
Event: 121.481 Thread 0x00007f2c8400a800 Exception <a 'sun/nio/fs/UnixException'> (0x00000000db404f48) thrown at [/build/openjdk-8-bnv6fG/openjdk-8-8u151-b12/src/hotspot/src/share/vm/prims/jni.cpp, line 709]
Event: 121.795 Thread 0x00007f2c8400a800 Exception <a 'sun/nio/fs/UnixException'> (0x00000000db514598) thrown at [/build/openjdk-8-bnv6fG/openjdk-8-8u151-b12/src/hotspot/src/share/vm/prims/jni.cpp, line 709]
Event: 121.795 Thread 0x00007f2c8400a800 Exception <a 'sun/nio/fs/UnixException'> (0x00000000db515738) thrown at [/build/openjdk-8-bnv6fG/openjdk-8-8u151-b12/src/hotspot/src/share/vm/prims/jni.cpp, line 709]
Event: 121.796 Thread 0x00007f2c8400a800 Exception <a 'sun/nio/fs/UnixException'> (0x00000000db5165f8) thrown at [/build/openjdk-8-bnv6fG/openjdk-8-8u151-b12/src/hotspot/src/share/vm/prims/jni.cpp, line 709]
Event: 121.796 Thread 0x00007f2c8400a800 Exception <a 'sun/nio/fs/UnixException'> (0x00000000db517320) thrown at [/build/openjdk-8-bnv6fG/openjdk-8-8u151-b12/src/hotspot/src/share/vm/prims/jni.cpp, line 709]
Event: 121.797 Thread 0x00007f2c8400a800 Exception <a 'sun/nio/fs/UnixException'> (0x00000000db518fa0) thrown at [/build/openjdk-8-bnv6fG/openjdk-8-8u151-b12/src/hotspot/src/share/vm/prims/jni.cpp, line 709]
Event: 121.798 Thread 0x00007f2c8400a800 Exception <a 'sun/nio/fs/UnixException'> (0x00000000db51a0a0) thrown at [/build/openjdk-8-bnv6fG/openjdk-8-8u151-b12/src/hotspot/src/share/vm/prims/jni.cpp, line 709]
Event: 121.801 Thread 0x00007f2c8400a800 Exception <a 'sun/nio/fs/UnixException'> (0x00000000db528d68) thrown at [/build/openjdk-8-bnv6fG/openjdk-8-8u151-b12/src/hotspot/src/share/vm/prims/jni.cpp, line 709]
Event: 121.801 Thread 0x00007f2c8400a800 Exception <a 'sun/nio/fs/UnixException'> (0x00000000db52a908) thrown at [/build/openjdk-8-bnv6fG/openjdk-8-8u151-b12/src/hotspot/src/share/vm/prims/jni.cpp, line 709]
Event: 121.801 Thread 0x00007f2c8400a800 Exception <a 'sun/nio/fs/UnixException'> (0x00000000db52b748) thrown at [/build/openjdk-8-bnv6fG/openjdk-8-8u151-b12/src/hotspot/src/share/vm/prims/jni.cpp, line 709]

Events (10 events):
Event: 123.721 Thread 0x00007f2c840ae000 flushing nmethod 0x00007f2c7515e150
Event: 123.721 Thread 0x00007f2c840ae000 flushing nmethod 0x00007f2c7515f190
Event: 123.721 Thread 0x00007f2c840ae000 flushing nmethod 0x00007f2c751696d0
Event: 123.721 Thread 0x00007f2c840ae000 flushing nmethod 0x00007f2c75172550
Event: 123.722 Thread 0x00007f2c840ae000 flushing nmethod 0x00007f2c75183590
Event: 123.722 Thread 0x00007f2c840ae000 flushing nmethod 0x00007f2c7519b390
Event: 123.722 Thread 0x00007f2c840ae000 flushing nmethod 0x00007f2c751b9710
Event: 123.722 Thread 0x00007f2c840ae000 flushing nmethod 0x00007f2c751ef3d0
Event: 123.722 Thread 0x00007f2c840ae000 flushing nmethod 0x00007f2c751f0a10
Event: 137.226 Executing VM operation: ParallelGCFailedAllocation


Dynamic libraries:
84a00000-8a480000 rw-p 00000000 00:00 0 
8a480000-d6e00000 ---p 00000000 00:00 0 
d6e00000-ec900000 rw-p 00000000 00:00 0 
f1080000-100000000 ---p 00000000 00:00 0 
100000000-1006cc000 rw-p 00000000 00:00 0 
1006cc000-140000000 ---p 00000000 00:00 0 
558021080000-558021081000 r-xp 00000000 08:02 396008                     /usr/lib/jvm/java-8-openjdk-amd64/jre/bin/java
558021280000-558021281000 r--p 00000000 08:02 396008                     /usr/lib/jvm/java-8-openjdk-amd64/jre/bin/java
558021281000-558021282000 rw-p 00001000 08:02 396008                     /usr/lib/jvm/java-8-openjdk-amd64/jre/bin/java
558021d6e000-558021d8f000 rw-p 00000000 00:00 0                          [heap]
7f2c20000000-7f2c20021000 rw-p 00000000 00:00 0 
7f2c20021000-7f2c24000000 ---p 00000000 00:00 0 
7f2c28000000-7f2c28021000 rw-p 00000000 00:00 0 
7f2c28021000-7f2c2c000000 ---p 00000000 00:00 0 
7f2c2dfc8000-7f2c2e048000 rw-p 00000000 00:00 0 
7f2c2e048000-7f2c2e1c8000 ---p 00000000 00:00 0 
7f2c2e1c8000-7f2c2e3c8000 rw-p 00000000 00:00 0 
7f2c2e3c8000-7f2c2e5c8000 rw-p 00000000 00:00 0 
7f2c2e5c8000-7f2c2e7c8000 rw-p 00000000 00:00 0 
7f2c2e7c8000-7f2c2e9c8000 rw-p 00000000 00:00 0 
7f2c2e9c8000-7f2c2ebc8000 rw-p 00000000 00:00 0 
7f2c2ebc8000-7f2c2edc8000 rw-p 00000000 00:00 0 
7f2c2edc8000-7f2c2edf3000 r--s 001fc000 00:35 939511                     /home/danielle/.gradle/caches/modules-2/files-2.1/com.google.guava/guava/18.0/cce0823396aa693798f8882e64213b1772032b09/guava-18.0.jar
7f2c2edf3000-7f2c2edf4000 r--s 00001000 00:35 676372                     /home/danielle/.gradle/caches/modules-2/files-2.1/com.android.tools/annotations/25.2.3/a9970f79003cbf4aaaf26a5590aca7066f209347/annotations-25.2.3.jar
7f2c2edf4000-7f2c2ee07000 r--s 000b2000 00:35 4870395                    /home/danielle/.gradle/caches/modules-2/files-2.1/com.android.tools.external.com-intellij/uast/145.597.4/6b430796bdb6563146affb34fb840c64e8d1d3b1/uast-145.597.4.jar
7f2c2ee07000-7f2c2ee0f000 r--s 000a8000 00:35 1869973                    /home/danielle/.gradle/caches/modules-2/files-2.1/com.android.tools.external.lombok/lombok-ast/0.2.3/528b6f8bde3157f17530aa366631f2aad2a6cf9/lombok-ast-0.2.3.jar
7f2c2ee0f000-7f2c2ee11000 r--s 0000d000 00:35 2117131                    /home/danielle/.gradle/caches/modules-2/files-2.1/commons-codec/commons-codec/1.4/4216af16d38465bbab0f3dff8efa14204f7a399a/commons-codec-1.4.jar
7f2c2ee11000-7f2c2ee13000 r--s 0000d000 00:35 1869976                    /home/danielle/.gradle/caches/modules-2/files-2.1/commons-logging/commons-logging/1.1.1/5043bfebc3db072ed80fbd362e7caf00e885d8ae/commons-logging-1.1.1.jar
7f2c2ee13000-7f2c2ee18000 r--s 00028000 00:35 11953419                   /home/danielle/.gradle/caches/modules-2/files-2.1/org.apache.httpcomponents/httpcore/4.1/33fc26c02f8043ab0ede19eadc8c9885386b255c/httpcore-4.1.jar
7f2c2ee18000-7f2c2ee1c000 r--s 0002f000 00:35 2369605                    /home/danielle/.gradle/caches/modules-2/files-2.1/com.google.jimfs/jimfs/1.1/8fbd0579dc68aba6186935cc1bee21d2f3e7ec1c/jimfs-1.1.jar
7f2c2ee1c000-7f2c2ee1d000 r--s 00004000 00:35 11949909                   /home/danielle/.gradle/caches/modules-2/files-2.1/com.intellij/annotations/12.0/bbcf6448f6d40abe506e2c83b70a3e8bfd2b4539/annotations-12.0.jar
7f2c2ee1d000-7f2c2ee1e000 r--s 00004000 00:35 3685744                    /home/danielle/.gradle/caches/modules-2/files-2.1/org.ow2.asm/asm-analysis/5.0.4/51f5031331a56c462a3cc5126e21ab65958759a9/asm-analysis-5.0.4.jar
7f2c2ee1e000-7f2c2ee22000 r--s 0003b000 00:35 2763215                    /home/danielle/.gradle/caches/modules-2/files-2.1/com.android.tools.lint/lint-api/25.2.3/fb7afa11dcda11d5bf0fcd3dcfec3e13ee921057/lint-api-25.2.3.jar
7f2c2ee22000-7f2c2ee23000 r--s 0000a000 00:35 1329198                    /home/danielle/.gradle/caches/modules-2/files-2.1/net.sf.kxml/kxml2/2.3.0/ccbc77a5fd907ef863c29f3596c6f54ffa4e9442/kxml2-2.3.0.jar
7f2c2ee23000-7f2c2ee25000 r--s 00005000 00:35 10110837                   /home/danielle/.gradle/caches/modules-2/files-2.1/org.apache.httpcomponents/httpmime/4.1/9ba2dcdf94ce35c8a8e9bff242db0618ca932e92/httpmime-4.1.jar
7f2c2ee25000-7f2c2ee2d000 r--s 0004e000 00:35 11554800                   /home/danielle/.gradle/caches/modules-2/files-2.1/org.apache.httpcomponents/httpclient/4.1.1/3d1d918f32709e33ba7ddb2c4e8d1c543ebe713e/httpclient-4.1.1.jar
7f2c2ee2d000-7f2c2ee34000 r--s 00053000 00:35 10110922                   /home/danielle/.gradle/caches/modules-2/files-2.1/org.apache.commons/commons-compress/1.8.1/a698750c16740fd5b3871425f4cb3bbaa87f529d/commons-compress-1.8.1.jar
7f2c2ee34000-7f2c2ee39000 r--s 0002a000 00:35 10110921                   /home/danielle/.gradle/caches/modules-2/files-2.1/com.google.code.gson/gson/2.2.4/a60a5e993c98c864010053cb901b7eab25306568/gson-2.2.4.jar
7f2c2ee39000-7f2c2ee3e000 r--s 0002d000 00:35 10110920                   /home/danielle/.gradle/caches/modules-2/files-2.1/com.android.tools/repository/25.2.3/179dee8115834f40bd9b39675da3a0273174c3ca/repository-25.2.3.jar
7f2c2ee3e000-7f2c2ee3f000 r--s 00005000 00:35 10110919                   /home/danielle/.gradle/caches/modules-2/files-2.1/com.android.tools/dvlib/25.2.3/5afd79f645811a98c0519141cc13900c659091a8/dvlib-25.2.3.jar
7f2c2ee3f000-7f2c2ee42000 r--s 00014000 00:35 10110918                   /home/danielle/.gradle/caches/modules-2/files-2.1/com.android.tools.layoutlib/layoutlib-api/25.2.3/ead9944caa7cba814184148efe69faf8896f4478/layoutlib-api-25.2.3.jar
7f2c2ee42000-7f2c2ee46000 r--s 00037000 00:35 151922                     /home/danielle/.gradle/caches/modules-2/files-2.1/org.antlr/ST4/4.0.8/a1c55e974f8a94d78e2348fa6ff63f4fa1fae64/ST4-4.0.8.jar
7f2c2ee46000-7f2c2ee49000 r--s 00026000 00:35 11158308                   /home/danielle/.gradle/caches/modules-2/files-2.1/org.antlr/antlr-runtime/3.5.2/cd9cd41361c155f3af0f653009dcecb08d8b4afd/antlr-runtime-3.5.2.jar
7f2c2ee49000-7f2c2ee4e000 r--s 00058000 00:35 2505785                    /home/danielle/.gradle/caches/modules-2/files-2.1/org.ow2.asm/asm-debug-all/5.0.1/f69b5f7d96cec0d448acf1c1a266584170c9643b/asm-debug-all-5.0.1.jar
7f2c2ee4e000-7f2c2ee5e000 r--s 000d6000 00:35 10110917                   /home/danielle/.gradle/caches/modules-2/files-2.1/net.sf.proguard/proguard-base/5.2.1/4f61348b4e7c943b85679dcb697f3a5fc3101921/proguard-base-5.2.1.jar
7f2c2ee5e000-7f2c2ee61000 r--s 00033000 00:35 10110828                   /home/danielle/.gradle/caches/modules-2/files-2.1/com.googlecode.juniversalchardet/juniversalchardet/1.0.3/cd49678784c46aa8789c060538e0154013bb421b/juniversalchardet-1.0.3.jar
7f2c2ee61000-7f2c2ee65000 r--s 0002a000 00:35 10110827                   /home/danielle/.gradle/caches/modules-2/files-2.1/commons-io/commons-io/2.4/b1b6ea3b7e4aa4f492509a4952029cd8e48019ad/commons-io-2.4.jar
7f2c2ee65000-7f2c2ee7c000 r--s 00154000 00:35 10110830                   /home/danielle/.gradle/caches/modules-2/files-2.1/org.antlr/antlr4/4.5.3/f35db7e4b2446e4174ba6a73db7bd6b3e6bb5da1/antlr4-4.5.3.jar
7f2c2ee7c000-7f2c2ee8f000 r--s 00236000 00:35 10110916                   /home/danielle/.gradle/caches/modules-2/files-2.1/org.eclipse.jdt.core.compiler/ecj/4.5.1/bee1367ac12fb6a20b422ff8711ebeb4f0a42316/ecj-4.5.1.jar
7f2c2ee8f000-7f2c2ee96000 r--s 000c3000 00:35 2505783                    /home/danielle/.gradle/caches/modules-2/files-2.1/com.android.tools.lint/lint-checks/25.2.3/eae71c1f5ce54195dc821133e3a5df8145de8ff5/lint-checks-25.2.3.jar
7f2c2ee96000-7f2c2ee98000 r--s 00006000 00:35 3813034                    /home/danielle/.gradle/caches/modules-2/files-2.1/org.ow2.asm/asm-tree/5.0.4/396ce0c07ba2b481f25a70195c7c94922f0d1b0b/asm-tree-5.0.4.jar
7f2c2ee98000-7f2c2eecb000 r--s 00203000 00:35 5913742                    /home/danielle/.gradle/caches/modules-2/files-2.1/org.bouncycastle/bcprov-jdk15on/1.48/960dea7c9181ba0b17e8bab0c06a43f0a5f04e65/bcprov-jdk15on-1.48.jar
7f2c2eecb000-7f2c2eed9000 r--s 00081000 00:35 5913741                    /home/danielle/.gradle/caches/modules-2/files-2.1/org.bouncycastle/bcpkix-jdk15on/1.48/28b7614b908a47844bb27e3c94b45b6893656265/bcpkix-jdk15on-1.48.jar
7f2c2eed9000-7f2c2eedb000 r--s 00002000 00:35 11154823                   /home/danielle/.gradle/caches/modules-2/files-2.1/com.squareup/javawriter/2.5.0/81241ff7078ef14f42ea2a8995fa09c096256e6b/javawriter-2.5.0.jar
7f2c2eedb000-7f2c2eee8000 r--s 000ed000 00:35 10628104                   /home/danielle/.gradle/caches/modules-2/files-2.1/com.android.tools.analytics-library/protos/25.2.3/821098054f9667d0f2536d7f2d0200d8bdd9c898/protos-25.2.3.jar
7f2c2eee8000-7f2c2f0e8000 rw-p 00000000 00:00 0 
7f2c2f0e8000-7f2c2f2e6000 rw-p 00000000 00:00 0 
7f2c2f2e6000-7f2c2f2e8000 ---p 00000000 00:00 0 
7f2c2f2e8000-7f2c2f4e8000 rw-p 00000000 00:00 0 
7f2c2f4e8000-7f2c2f4eb000 ---p 00000000 00:00 0 
7f2c2f4eb000-7f2c2f7e9000 rw-p 00000000 00:00 0 
7f2c2f7e9000-7f2c2f9e9000 rw-p 00000000 00:00 0 
7f2c2f9e9000-7f2c2f9ea000 r--s 00002000 00:35 2505784                    /home/danielle/.gradle/caches/modules-2/files-2.1/com.android.databinding/baseLibrary/2.2.3/b4b51d1925cdfda98fd861230c1ecb5855500129/baseLibrary-2.2.3.jar
7f2c2f9ea000-7f2c2f9eb000 r--s 00002000 00:35 5913739                    /home/danielle/.gradle/caches/modules-2/files-2.1/com.android.tools.analytics-library/tracker/25.2.3/c807f7b3d9aa3cee795ecac620d22c5ca7dd92e1/tracker-25.2.3.jar
7f2c2f9eb000-7f2c2f9ed000 r--s 00003000 00:35 11423822                   /home/danielle/.gradle/caches/modules-2/files-2.1/com.android.tools.analytics-library/shared/25.2.3/785426dac20cfe596e4cf36d01aad930ffdcb05c/shared-25.2.3.jar
7f2c2f9ed000-7f2c2f9ee000 r--s 00001000 00:35 1835399                    /home/danielle/.gradle/caches/modules-2/files-2.1/com.android.tools.jill/jill-api/0.10.0/7dfd6360ae4af1e171ec67b92e0cf065d59eef19/jill-api-0.10.0.jar
7f2c2f9ee000-7f2c2f9f0000 r--s 00003000 00:35 1835398                    /home/danielle/.gradle/caches/modules-2/files-2.1/com.android.tools.jack/jack-api/0.11.0/ccda6afebd2b9cf60886c601ea561bba62c35c70/jack-api-0.11.0.jar
7f2c2f9f0000-7f2c2f9f5000 r--s 0004a000 00:35 5913737                    /home/danielle/.gradle/caches/modules-2/files-2.1/com.android.tools.ddms/ddmlib/25.2.3/2b66df9156f476b0ccee44b378cd09073118ff59/ddmlib-25.2.3.jar
7f2c2f9f5000-7f2c2f9f8000 r--s 00021000 00:35 5913736                    /home/danielle/.gradle/caches/modules-2/files-2.1/com.android.tools.build/manifest-merger/25.2.3/d0212c507be4c38c39f4ee06a7df5a44f500ed3b/manifest-merger-25.2.3.jar
7f2c2f9f8000-7f2c2fa00000 r--s 00084000 00:35 5913734                    /home/danielle/.gradle/caches/modules-2/files-2.1/com.android.tools/sdk-common/25.2.3/2c49ca3df5bb961473b096bab2a615a7cda50dc/sdk-common-25.2.3.jar
7f2c2fa00000-7f2c2fc00000 rw-p 00000000 00:00 0 
7f2c2fc00000-7f2c2fe00000 rw-p 00000000 00:00 0 
7f2c2fe00000-7f2c30000000 rw-p 00000000 00:00 0 
7f2c30000000-7f2c30021000 rw-p 00000000 00:00 0 
7f2c30021000-7f2c34000000 ---p 00000000 00:00 0 
7f2c34000000-7f2c34021000 rw-p 00000000 00:00 0 
7f2c34021000-7f2c38000000 ---p 00000000 00:00 0 
7f2c38000000-7f2c38021000 rw-p 00000000 00:00 0 
7f2c38021000-7f2c3c000000 ---p 00000000 00:00 0 
7f2c3c000000-7f2c3c021000 rw-p 00000000 00:00 0 
7f2c3c021000-7f2c40000000 ---p 00000000 00:00 0 
7f2c40000000-7f2c41f5b000 rw-p 00000000 00:00 0 
7f2c41f5b000-7f2c44000000 ---p 00000000 00:00 0 
7f2c44000000-7f2c44bd3000 rw-p 00000000 00:00 0 
7f2c44bd3000-7f2c48000000 ---p 00000000 00:00 0 
7f2c48000000-7f2c48021000 rw-p 00000000 00:00 0 
7f2c48021000-7f2c4c000000 ---p 00000000 00:00 0 
7f2c4c000000-7f2c4db86000 rw-p 00000000 00:00 0 
7f2c4db86000-7f2c50000000 ---p 00000000 00:00 0 
7f2c50000000-7f2c50021000 rw-p 00000000 00:00 0 
7f2c50021000-7f2c54000000 ---p 00000000 00:00 0 
7f2c54000000-7f2c54021000 rw-p 00000000 00:00 0 
7f2c54021000-7f2c58000000 ---p 00000000 00:00 0 
7f2c58000000-7f2c5806c000 rw-p 00000000 00:00 0 
7f2c5806c000-7f2c5c000000 ---p 00000000 00:00 0 
7f2c5c000000-7f2c5c002000 r--s 0001c000 00:35 5913735                    /home/danielle/.gradle/caches/modules-2/files-2.1/com.android.tools/common/25.2.3/255aa01048bebb511d828c6a5fc668df13b8f39d/common-25.2.3.jar
7f2c5c002000-7f2c5c00d000 r--s 0008e000 00:35 5913731                    /home/danielle/.gradle/caches/modules-2/files-2.1/com.android.tools/sdklib/25.2.3/9f12cfc56b1df4e42fa2b73f9936b586b9a56a2/sdklib-25.2.3.jar
7f2c5c00d000-7f2c5c00e000 r--s 00002000 00:35 5913730                    /home/danielle/.gradle/caches/modules-2/files-2.1/com.android.tools.build/builder-test-api/2.2.3/700079fc243c217dbd6250ac01d2d6210ca8a0d6/builder-test-api-2.2.3.jar
7f2c5c00e000-7f2c5c011000 r--s 00005000 00:35 2505782                    /home/danielle/.gradle/caches/modules-2/files-2.1/com.android.tools.build/builder-model/2.2.3/eddf6035ce0a31651527b4c3cc239428e877c43a/builder-model-2.2.3.jar
7f2c5c011000-7f2c5c01b000 r--s 00110000 00:35 151921                     /home/danielle/.gradle/caches/modules-2/files-2.1/org.antlr/antlr/3.5.2/c4a65c950bfc3e7d04309c515b2177c00baf7764/antlr-3.5.2.jar
7f2c5c01b000-7f2c5c023000 r--s 0007b000 00:35 5913729                    /home/danielle/.gradle/caches/modules-2/files-2.1/com.google.protobuf/protobuf-java/2.5.0/a10732c76bfacdbd633a7eb0f7968b1059a65dfa/protobuf-java-2.5.0.jar
7f2c5c023000-7f2c5c025000 r--s 0000f000 00:35 3811132                    /home/danielle/.gradle/caches/modules-2/files-2.1/net.sf.jopt-simple/jopt-simple/4.9/ee9e9eaa0a35360dcfeac129ff4923215fd65904/jopt-simple-4.9.jar
7f2c5c025000-7f2c5c029000 r--s 0001f000 00:35 3813033                    /home/danielle/.gradle/caches/modules-2/files-2.1/org.jacoco/org.jacoco.report/0.7.5.201505241946/cb1ac5562a45c98cd7b774452f3e8b867b71cd65/org.jacoco.report-0.7.5.201505241946.jar
7f2c5c029000-7f2c5c02d000 r--s 0001d000 00:35 3813032                    /home/danielle/.gradle/caches/modules-2/files-2.1/org.jacoco/org.jacoco.core/0.7.5.201505241946/1ea906dc5201d2a1bc0604f8650534d4bcaf4c95/org.jacoco.core-0.7.5.201505241946.jar
7f2c5c02d000-7f2c5c02e000 r--s 00002000 00:35 3813031                    /home/danielle/.gradle/caches/modules-2/files-2.1/net.sf.proguard/proguard-gradle/5.2.1/5e9956c050fd84fa043517e77c4c0ff175a6b002/proguard-gradle-5.2.1.jar
7f2c5c02e000-7f2c5c030000 r--s 00009000 00:35 3160348                    /home/danielle/.gradle/caches/modules-2/files-2.1/org.ow2.asm/asm-commons/5.0.4/5a556786086c23cd689a0328f8519db93821c04c/asm-commons-5.0.4.jar
7f2c5c030000-7f2c5c032000 r--s 0000c000 00:35 2505781                    /home/danielle/.gradle/caches/modules-2/files-2.1/org.ow2.asm/asm/5.0.4/da08b8cce7bbf903602a25a3a163ae252435795/asm-5.0.4.jar
7f2c5c032000-7f2c5c036000 r--s 0002b000 00:35 2505780                    /home/danielle/.gradle/caches/modules-2/files-2.1/com.android.databinding/compilerCommon/2.2.3/8c3829022a54acd042b5382a4a873ee2d64c29ee/compilerCommon-2.2.3.jar
7f2c5c036000-7f2c5c037000 r--s 00002000 00:35 2505779                    /home/danielle/.gradle/caches/modules-2/files-2.1/com.android.tools.build/gradle-api/2.2.3/9a45614f789d4aab624d2a61983263885f42b615/gradle-api-2.2.3.jar
7f2c5c037000-7f2c5c038000 r--s 00000000 00:35 2505778                    /home/danielle/.gradle/caches/modules-2/files-2.1/com.android.tools.build/transform-api/2.0.0-deprecated-use-gradle-api/85bee1acea9e27152b920746c68133b30b11431/transform-api-2.0.0-deprecated-use-gradle-api.jar
7f2c5c038000-7f2c5c03d000 r--s 00053000 00:35 2505777                    /home/danielle/.gradle/caches/modules-2/files-2.1/com.android.tools.lint/lint/25.2.3/aa03a3669f2913b9bc6f5f4fba4418f974e48cb7/lint-25.2.3.jar
7f2c5c03d000-7f2c5c054000 r--s 0015e000 00:35 10628103                   /home/danielle/.gradle/caches/modules-2/files-2.1/com.android.tools.build/builder/2.2.3/13e7339544e824a3a5f8ecff42173c013791578b/builder-2.2.3.jar
7f2c5c054000-7f2c5c071000 r--s 0019d000 00:35 1996707                    /home/danielle/.gradle/caches/modules-2/files-2.1/com.android.tools.build/gradle-core/2.2.3/3a777b0626810e0ccdced7d750ac4b60c279616c/gradle-core-2.2.3.jar
7f2c5c071000-7f2c5c073000 r--s 0000d000 00:35 1835397                    /home/danielle/.gradle/caches/modules-2/files-2.1/com.android.tools.build/gradle/2.2.3/7b8f79621d95e3ce1e95c0852db14d9d7e1d1951/gradle-2.2.3.jar
7f2c5c073000-7f2c5c074000 r--p 00000000 00:00 0 
7f2c5c074000-7f2c5c077000 ---p 00000000 00:00 0 
7f2c5c077000-7f2c5c375000 rw-p 00000000 00:00 0 
7f2c5c375000-7f2c5c575000 rw-p 00000000 00:00 0 
7f2c5c575000-7f2c5c577000 r--s 00007000 00:35 6305048                    /home/danielle/.gradle/wrapper/dists/gradle-2.14.1-all/8bnwg5hd3w55iofp58khbp6yv/gradle-2.14.1/lib/plugins/gradle-tooling-api-builders-2.14.1.jar
7f2c5c577000-7f2c5c57a000 r--s 00008000 00:35 6305041                    /home/danielle/.gradle/wrapper/dists/gradle-2.14.1-all/8bnwg5hd3w55iofp58khbp6yv/gradle-2.14.1/lib/plugins/gradle-testing-native-2.14.1.jar
7f2c5c57a000-7f2c5c57c000 r--s 00009000 00:35 6305132                    /home/danielle/.gradle/wrapper/dists/gradle-2.14.1-all/8bnwg5hd3w55iofp58khbp6yv/gradle-2.14.1/lib/plugins/hamcrest-core-1.3.jar
7f2c5c57c000-7f2c5c582000 r--s 00033000 00:35 6305125                    /home/danielle/.gradle/wrapper/dists/gradle-2.14.1-all/8bnwg5hd3w55iofp58khbp6yv/gradle-2.14.1/lib/plugins/snakeyaml-1.6.jar
7f2c5c582000-7f2c5c584000 r--s 00006000 00:35 6305123                    /home/danielle/.gradle/wrapper/dists/gradle-2.14.1-all/8bnwg5hd3w55iofp58khbp6yv/gradle-2.14.1/lib/plugins/jcommander-1.12.jar
7f2c5c584000-7f2c5c589000 r--s 00040000 00:35 6305122                    /home/danielle/.gradle/wrapper/dists/gradle-2.14.1-all/8bnwg5hd3w55iofp58khbp6yv/gradle-2.14.1/lib/plugins/bsh-2.0b4.jar
7f2c5c589000-7f2c5c592000 r--s 00089000 00:35 6305077                    /home/danielle/.gradle/wrapper/dists/gradle-2.14.1-all/8bnwg5hd3w55iofp58khbp6yv/gradle-2.14.1/lib/plugins/testng-6.3.1.jar
7f2c5c592000-7f2c5c59a000 r--s 00045000 00:35 6305075                    /home/danielle/.gradle/wrapper/dists/gradle-2.14.1-all/8bnwg5hd3w55iofp58khbp6yv/gradle-2.14.1/lib/plugins/junit-4.12.jar
7f2c5c59a000-7f2c5c5a0000 r--s 0002e000 00:35 6305042                    /home/danielle/.gradle/wrapper/dists/gradle-2.14.1-all/8bnwg5hd3w55iofp58khbp6yv/gradle-2.14.1/lib/plugins/gradle-testing-jvm-2.14.1.jar
7f2c5c5a0000-7f2c5c5a5000 r--s 00015000 00:35 6305040                    /home/danielle/.gradle/wrapper/dists/gradle-2.14.1-all/8bnwg5hd3w55iofp58khbp6yv/gradle-2.14.1/lib/plugins/gradle-testing-base-2.14.1.jar
7f2c5c5a5000-7f2c5c5a6000 r--s 00002000 00:35 6305069                    /home/danielle/.gradle/wrapper/dists/gradle-2.14.1-all/8bnwg5hd3w55iofp58khbp6yv/gradle-2.14.1/lib/plugins/sonar-batch-bootstrapper-2.9.jar
7f2c5c5a6000-7f2c5c5a9000 r--s 00015000 00:35 6304925                    /home/danielle/.gradle/wrapper/dists/gradle-2.14.1-all/8bnwg5hd3w55iofp58khbp6yv/gradle-2.14.1/lib/plugins/gradle-sonar-2.14.1.jar
7f2c5c5a9000-7f2c5c5b0000 r--s 00038000 00:35 6305070                    /home/danielle/.gradle/wrapper/dists/gradle-2.14.1-all/8bnwg5hd3w55iofp58khbp6yv/gradle-2.14.1/lib/plugins/bcpg-jdk15on-1.51.jar
7f2c5c5b0000-7f2c5c5b2000 r--s 0000d000 00:35 6304926                    /home/danielle/.gradle/wrapper/dists/gradle-2.14.1-all/8bnwg5hd3w55iofp58khbp6yv/gradle-2.14.1/lib/plugins/gradle-signing-2.14.1.jar
7f2c5c5b2000-7f2c5c5b5000 r--s 00009000 00:35 6304924                    /home/danielle/.gradle/wrapper/dists/gradle-2.14.1-all/8bnwg5hd3w55iofp58khbp6yv/gradle-2.14.1/lib/plugins/gradle-scala-2.14.1.jar
7f2c5c5b5000-7f2c5c5b6000 r--s 00004000 00:35 6305046                    /home/danielle/.gradle/wrapper/dists/gradle-2.14.1-all/8bnwg5hd3w55iofp58khbp6yv/gradle-2.14.1/lib/plugins/gradle-resources-sftp-2.14.1.jar
7f2c5c5b6000-7f2c5c5c6000 r--s 00088000 00:35 6305087                    /home/danielle/.gradle/wrapper/dists/gradle-2.14.1-all/8bnwg5hd3w55iofp58khbp6yv/gradle-2.14.1/lib/plugins/joda-time-2.8.2.jar
7f2c5c5c6000-7f2c5c5d7000 r--s 000cf000 00:35 6305086                    /home/danielle/.gradle/wrapper/dists/gradle-2.14.1-all/8bnwg5hd3w55iofp58khbp6yv/gradle-2.14.1/lib/plugins/jackson-databind-2.3.2.jar
7f2c5c5d7000-7f2c5c5d9000 r--s 00007000 00:35 6305085                    /home/danielle/.gradle/wrapper/dists/gradle-2.14.1-all/8bnwg5hd3w55iofp58khbp6yv/gradle-2.14.1/lib/plugins/jackson-annotations-2.3.2.jar
7f2c5c5d9000-7f2c5c5dc000 r--s 0002e000 00:35 6305084                    /home/danielle/.gradle/wrapper/dists/gradle-2.14.1-all/8bnwg5hd3w55iofp58khbp6yv/gradle-2.14.1/lib/plugins/jackson-core-2.3.2.jar
7f2c5c5dc000-7f2c5c5e7000 r--s 0006b000 00:35 6305083                    /home/danielle/.gradle/wrapper/dists/gradle-2.14.1-all/8bnwg5hd3w55iofp58khbp6yv/gradle-2.14.1/lib/plugins/aws-java-sdk-core-1.9.19.jar
7f2c5c5e7000-7f2c5c5ed000 r--s 00036000 00:35 6305082                    /home/danielle/.gradle/wrapper/dists/gradle-2.14.1-all/8bnwg5hd3w55iofp58khbp6yv/gradle-2.14.1/lib/plugins/aws-java-sdk-kms-1.9.19.jar
7f2c5c5ed000-7f2c5c5f8000 r--s 00079000 00:35 6305081                    /home/danielle/.gradle/wrapper/dists/gradle-2.14.1-all/8bnwg5hd3w55iofp58khbp6yv/gradle-2.14.1/lib/plugins/aws-java-sdk-s3-1.9.19.jar
7f2c5c5f8000-7f2c5c5f9000 r--s 00003000 00:35 6305047                    /home/danielle/.gradle/wrapper/dists/gradle-2.14.1-all/8bnwg5hd3w55iofp58khbp6yv/gradle-2.14.1/lib/plugins/gradle-resources-s3-2.14.1.jar
7f2c5c5f9000-7f2c5c5fb000 r--s 00005000 00:35 6305074                    /home/danielle/.gradle/wrapper/dists/gradle-2.14.1-all/8bnwg5hd3w55iofp58khbp6yv/gradle-2.14.1/lib/plugins/jatl-0.2.2.jar
7f2c5c5fb000-7f2c5c5fd000 r--s 0000f000 00:35 6305015                    /home/danielle/.gradle/wrapper/dists/gradle-2.14.1-all/8bnwg5hd3w55iofp58khbp6yv/gradle-2.14.1/lib/plugins/gradle-reporting-2.14.1.jar
7f2c5c5fd000-7f2c5c5ff000 r--s 00002000 00:35 6305016                    /home/danielle/.gradle/wrapper/dists/gradle-2.14.1-all/8bnwg5hd3w55iofp58khbp6yv/gradle-2.14.1/lib/plugins/gradle-publish-2.14.1.jar
7f2c5c5ff000-7f2c5c601000 r--s 00009000 00:35 6305052                    /home/danielle/.gradle/wrapper/dists/gradle-2.14.1-all/8bnwg5hd3w55iofp58khbp6yv/gradle-2.14.1/lib/plugins/commons-cli-1.2.jar
7f2c5c601000-7f2c5c607000 r--s 00033000 00:35 6296354                    /home/danielle/.gradle/wrapper/dists/gradle-2.14.1-all/8bnwg5hd3w55iofp58khbp6yv/gradle-2.14.1/lib/plugins/gradle-plugins-2.14.1.jar
7f2c5c607000-7f2c5c609000 r--s 00007000 00:35 6305043                    /home/danielle/.gradle/wrapper/dists/gradle-2.14.1-all/8bnwg5hd3w55iofp58khbp6yv/gradle-2.14.1/lib/plugins/gradle-plugin-development-2.14.1.jar
7f2c5c609000-7f2c5c60f000 r--s 0002a000 00:35 6305033                    /home/danielle/.gradle/wrapper/dists/gradle-2.14.1-all/8bnwg5hd3w55iofp58khbp6yv/gradle-2.14.1/lib/plugins/gradle-platform-play-2.14.1.jar
7f2c5c60f000-7f2c5c61c000 r--s 0004d000 00:35 6305030                    /home/danielle/.gradle/wrapper/dists/gradle-2.14.1-all/8bnwg5hd3w55iofp58khbp6yv/gradle-2.14.1/lib/plugins/gradle-platform-native-2.14.1.jar
7f2c5c61c000-7f2c5c620000 r--s 0001a000 00:35 6305024                    /home/danielle/.gradle/wrapper/dists/gradle-2.14.1-all/8bnwg5hd3w55iofp58khbp6yv/gradle-2.14.1/lib/plugins/gradle-platform-jvm-2.14.1.jar
7f2c5c620000-7f2c5c627000 r--s 00029000 00:35 6305021                    /home/danielle/.gradle/wrapper/dists/gradle-2.14.1-all/8bnwg5hd3w55iofp58khbp6yv/gradle-2.14.1/lib/plugins/gradle-platform-base-2.14.1.jar
7f2c5c627000-7f2c5c648000 r--s 001c3000 00:35 6305063                    /home/danielle/.gradle/wrapper/dists/gradle-2.14.1-all/8bnwg5hd3w55iofp58khbp6yv/gradle-2.14.1/lib/plugins/bndlib-2.4.0.jar
7f2c5c648000-7f2c5c64a000 r--s 00003000 00:35 6304918                    /home/danielle/.gradle/wrapper/dists/gradle-2.14.1-all/8bnwg5hd3w55iofp58khbp6yv/gradle-2.14.1/lib/plugins/gradle-osgi-2.14.1.jar
7f2c5c64a000-7f2c5c64d000 r--s 0000c000 00:35 6305067                    /home/danielle/.gradle/wrapper/dists/gradle-2.14.1-all/8bnwg5hd3w55iofp58khbp6yv/gradle-2.14.1/lib/plugins/pmaven-groovy-0.8-20100325.jar
7f2c5c64d000-7f2c5c64e000 r--s 00004000 00:35 6305066                    /home/danielle/.gradle/wrapper/dists/gradle-2.14.1-all/8bnwg5hd3w55iofp58khbp6yv/gradle-2.14.1/lib/plugins/pmaven-common-0.8-20100325.jar
7f2c5c64e000-7f2c5c654000 r--s 00022000 00:35 6304920                    /home/danielle/.gradle/wrapper/dists/gradle-2.14.1-all/8bnwg5hd3w55iofp58khbp6yv/gradle-2.14.1/lib/plugins/gradle-maven-2.14.1.jar
7f2c5c654000-7f2c5c656000 r--s 0000a000 00:35 6305029                    /home/danielle/.gradle/wrapper/dists/gradle-2.14.1-all/8bnwg5hd3w55iofp58khbp6yv/gradle-2.14.1/lib/plugins/gradle-language-scala-2.14.1.jar
7f2c5c656000-7f2c5c65c000 r--s 0001a000 00:35 6305037                    /home/danielle/.gradle/wrapper/dists/gradle-2.14.1-all/8bnwg5hd3w55iofp58khbp6yv/gradle-2.14.1/lib/plugins/gradle-language-native-2.14.1.jar
7f2c5c65c000-7f2c5c65e000 r--s 00008000 00:35 6305026                    /home/danielle/.gradle/wrapper/dists/gradle-2.14.1-all/8bnwg5hd3w55iofp58khbp6yv/gradle-2.14.1/lib/plugins/gradle-language-jvm-2.14.1.jar
7f2c5c65e000-7f2c5c664000 r--s 00024000 00:35 6305027                    /home/danielle/.gradle/wrapper/dists/gradle-2.14.1-all/8bnwg5hd3w55iofp58khbp6yv/gradle-2.14.1/lib/plugins/gradle-language-java-2.14.1.jar
7f2c5c664000-7f2c5c666000 r--s 0000a000 00:35 6305028                    /home/danielle/.gradle/wrapper/dists/gradle-2.14.1-all/8bnwg5hd3w55iofp58khbp6yv/gradle-2.14.1/lib/plugins/gradle-language-groovy-2.14.1.jar
7f2c5c666000-7f2c5c669000 r--s 0001e000 00:35 6305094                    /home/danielle/.gradle/wrapper/dists/gradle-2.14.1-all/8bnwg5hd3w55iofp58khbp6yv/gradle-2.14.1/lib/plugins/jsp-api-2.1-6.1.14.jar
7f2c5c669000-7f2c5c68c000 r--s 00344000 00:35 6305093                    /home/danielle/.gradle/wrapper/dists/gradle-2.14.1-all/8bnwg5hd3w55iofp58khbp6yv/gradle-2.14.1/lib/plugins/core-3.1.1.jar
7f2c5c68c000-7f2c5c68d000 r--s 00006000 00:35 6305092                    /home/danielle/.gradle/wrapper/dists/gradle-2.14.1-all/8bnwg5hd3w55iofp58khbp6yv/gradle-2.14.1/lib/plugins/jetty-naming-6.1.25.jar
7f2c5c68d000-7f2c5c68e000 r--s 00002000 00:35 6305061                    /home/danielle/.gradle/wrapper/dists/gradle-2.14.1-all/8bnwg5hd3w55iofp58khbp6yv/gradle-2.14.1/lib/plugins/geronimo-annotation_1.0_spec-1.0.jar
7f2c5c68e000-7f2c5c690000 r--s 00002000 00:35 6305058                    /home/danielle/.gradle/wrapper/dists/gradle-2.14.1-all/8bnwg5hd3w55iofp58khbp6yv/gradle-2.14.1/lib/plugins/jetty-annotations-6.1.25.jar
7f2c5c690000-7f2c5c6a1000 r--s 000ea000 00:35 6305057                    /home/danielle/.gradle/wrapper/dists/gradle-2.14.1-all/8bnwg5hd3w55iofp58khbp6yv/gradle-2.14.1/lib/plugins/jsp-2.1-6.1.14.jar
7f2c5c6a1000-7f2c5c6a3000 r--s 0000d000 00:35 6305056                    /home/danielle/.gradle/wrapper/dists/gradle-2.14.1-all/8bnwg5hd3w55iofp58khbp6yv/gradle-2.14.1/lib/plugins/jetty-plus-6.1.25.jar
7f2c5c6a3000-7f2c5c6a5000 r--s 0001f000 00:35 6305055                    /home/danielle/.gradle/wrapper/dists/gradle-2.14.1-all/8bnwg5hd3w55iofp58khbp6yv/gradle-2.14.1/lib/plugins/servlet-api-2.5-20081211.jar
7f2c5c6a5000-7f2c5c6a9000 r--s 00028000 00:35 6305054                    /home/danielle/.gradle/wrapper/dists/gradle-2.14.1-all/8bnwg5hd3w55iofp58khbp6yv/gradle-2.14.1/lib/plugins/jetty-util-6.1.25.jar
7f2c5c6a9000-7f2c5c6b0000 r--s 0007d000 00:35 6305053                    /home/danielle/.gradle/wrapper/dists/gradle-2.14.1-all/8bnwg5hd3w55iofp58khbp6yv/gradle-2.14.1/lib/plugins/jetty-6.1.25.jar
7f2c5c6b0000-7f2c5c6b2000 r--s 00009000 00:35 6296362                    /home/danielle/.gradle/wrapper/dists/gradle-2.14.1-all/8bnwg5hd3w55iofp58khbp6yv/gradle-2.14.1/lib/plugins/gradle-jetty-2.14.1.jar
7f2c5c6b2000-7f2c5c6b9000 r--s 00035000 00:35 6305073                    /home/danielle/.gradle/wrapper/dists/gradle-2.14.1-all/8bnwg5hd3w55iofp58khbp6yv/gradle-2.14.1/lib/plugins/simple-4.1.21.jar
7f2c5c6b9000-7f2c5c6c5000 r--s 00100000 00:35 6305071                    /home/danielle/.gradle/wrapper/dists/gradle-2.14.1-all/8bnwg5hd3w55iofp58khbp6yv/gradle-2.14.1/lib/plugins/rhino-1.7R3.jar
7f2c5c6c5000-7f2c5c6c9000 r--s 00011000 00:35 6305012                    /home/danielle/.gradle/wrapper/dists/gradle-2.14.1-all/8bnwg5hd3w55iofp58khbp6yv/gradle-2.14.1/lib/plugins/gradle-javascript-2.14.1.jar
7f2c5c6c9000-7f2c5c6cb000 r--s 0000c000 00:35 6305018                    /home/danielle/.gradle/wrapper/dists/gradle-2.14.1-all/8bnwg5hd3w55iofp58khbp6yv/gradle-2.14.1/lib/plugins/gradle-jacoco-2.14.1.jar
7f2c5c6cb000-7f2c5c6ce000 r--s 0000e000 00:35 6305017                    /home/danielle/.gradle/wrapper/dists/gradle-2.14.1-all/8bnwg5hd3w55iofp58khbp6yv/gradle-2.14.1/lib/plugins/gradle-ivy-2.14.1.jar
7f2c5c6ce000-7f2c5c6cf000 r--s 00002000 00:35 6305035                    /home/danielle/.gradle/wrapper/dists/gradle-2.14.1-all/8bnwg5hd3w55iofp58khbp6yv/gradle-2.14.1/lib/plugins/gradle-ide-play-2.14.1.jar
7f2c5c6cf000-7f2c5c6d4000 r--s 0002b000 00:35 6305038                    /home/danielle/.gradle/wrapper/dists/gradle-2.14.1-all/8bnwg5hd3w55iofp58khbp6yv/gradle-2.14.1/lib/plugins/gradle-ide-native-2.14.1.jar
7f2c5c6d4000-7f2c5c6df000 r--s 00066000 00:35 6304921                    /home/danielle/.gradle/wrapper/dists/gradle-2.14.1-all/8bnwg5hd3w55iofp58khbp6yv/gradle-2.14.1/lib/plugins/gradle-ide-2.14.1.jar
7f2c5c6df000-7f2c5c6e0000 r--s 00008000 00:35 6305009                    /home/danielle/.gradle/wrapper/dists/gradle-2.14.1-all/8bnwg5hd3w55iofp58khbp6yv/gradle-2.14.1/lib/plugins/gradle-ear-2.14.1.jar
7f2c5c6e0000-7f2c5c6e6000 r--s 00032000 00:35 6305014                    /home/danielle/.gradle/wrapper/dists/gradle-2.14.1-all/8bnwg5hd3w55iofp58khbp6yv/gradle-2.14.1/lib/plugins/gradle-diagnostics-2.14.1.jar
7f2c5c6e6000-7f2c5c6ea000 r--s 00021000 00:35 6296358                    /home/danielle/.gradle/wrapper/dists/gradle-2.14.1-all/8bnwg5hd3w55iofp58khbp6yv/gradle-2.14.1/lib/plugins/gradle-code-quality-2.14.1.jar
7f2c5c6ea000-7f2c5c6ee000 r--s 0001f000 00:35 6305020                    /home/danielle/.gradle/wrapper/dists/gradle-2.14.1-all/8bnwg5hd3w55iofp58khbp6yv/gradle-2.14.1/lib/plugins/gradle-build-init-2.14.1.jar
7f2c5c6ee000-7f2c5c6f5000 r--s 0008e000 00:35 6305013                    /home/danielle/.gradle/wrapper/dists/gradle-2.14.1-all/8bnwg5hd3w55iofp58khbp6yv/gradle-2.14.1/lib/plugins/gradle-build-comparison-2.14.1.jar
7f2c5c6f5000-7f2c5c6f7000 r--s 00008000 00:35 6304917                    /home/danielle/.gradle/wrapper/dists/gradle-2.14.1-all/8bnwg5hd3w55iofp58khbp6yv/gradle-2.14.1/lib/plugins/gradle-antlr-2.14.1.jar
7f2c5c6f7000-7f2c5c6f9000 r--s 00004000 00:35 6304922                    /home/danielle/.gradle/wrapper/dists/gradle-2.14.1-all/8bnwg5hd3w55iofp58khbp6yv/gradle-2.14.1/lib/plugins/gradle-announce-2.14.1.jar
7f2c5c6f9000-7f2c5c711000 r--s 00115000 00:35 6305128                    /home/danielle/.gradle/wrapper/dists/gradle-2.14.1-all/8bnwg5hd3w55iofp58khbp6yv/gradle-2.14.1/lib/plugins/xercesImpl-2.9.1.jar
7f2c5c711000-7f2c5c719000 r--s 00028000 00:35 6305129                    /home/danielle/.gradle/wrapper/dists/gradle-2.14.1-all/8bnwg5hd3w55iofp58khbp6yv/gradle-2.14.1/lib/plugins/xml-apis-1.3.04.jar
7f2c5c719000-7f2c5c71f000 r--s 0005b000 00:35 6305127                    /home/danielle/.gradle/wrapper/dists/gradle-2.14.1-all/8bnwg5hd3w55iofp58khbp6yv/gradle-2.14.1/lib/plugins/jcifs-1.3.17.jar
7f2c5c71f000-7f2c5c726000 r--s 00049000 00:35 6305126                    /home/danielle/.gradle/wrapper/dists/gradle-2.14.1-all/8bnwg5hd3w55iofp58khbp6yv/gradle-2.14.1/lib/plugins/httpcore-4.4.4.jar
7f2c5c726000-7f2c5c72c000 r--s 00033000 00:35 6305068                    /home/danielle/.gradle/wrapper/dists/gradle-2.14.1-all/8bnwg5hd3w55iofp58khbp6yv/gradle-2.14.1/lib/plugins/commons-codec-1.6.jar
7f2c5c72c000-7f2c5c72f000 r--s 0001c000 00:35 6305079                    /home/danielle/.gradle/wrapper/dists/gradle-2.14.1-all/8bnwg5hd3w55iofp58khbp6yv/gradle-2.14.1/lib/plugins/nekohtml-1.9.14.jar
7f2c5c72f000-7f2c5c73c000 r--s 000a4000 00:35 6305078                    /home/danielle/.gradle/wrapper/dists/gradle-2.14.1-all/8bnwg5hd3w55iofp58khbp6yv/gradle-2.14.1/lib/plugins/httpclient-4.4.1.jar
7f2c5c73c000-7f2c5c73e000 r--s 0000a000 00:35 6305045                    /home/danielle/.gradle/wrapper/dists/gradle-2.14.1-all/8bnwg5hd3w55iofp58khbp6yv/gradle-2.14.1/lib/plugins/gradle-resources-http-2.14.1.jar
7f2c5c73e000-7f2c5c742000 r--s 00014000 00:35 6305044                    /home/danielle/.gradle/wrapper/dists/gradle-2.14.1-all/8bnwg5hd3w55iofp58khbp6yv/gradle-2.14.1/lib/plugins/gradle-plugin-use-2.14.1.jar
7f2c5c742000-7f2c5c743000 r--s 00000000 00:35 3960167                    /home/danielle/.gradle/wrapper/dists/gradle-2.14.1-all/8bnwg5hd3w55iofp58khbp6yv/gradle-2.14.1/lib/gradle-installation-beacon-2.14.1.jar
7f2c5c743000-7f2c5c744000 r--s 00007000 00:35 6305119                    /home/danielle/.gradle/wrapper/dists/gradle-2.14.1-all/8bnwg5hd3w55iofp58khbp6yv/gradle-2.14.1/lib/plugins/wagon-http-shared4-2.4.jar
7f2c5c744000-7f2c5c748000 r--s 00033000 00:35 6305118                    /home/danielle/.gradle/wrapper/dists/gradle-2.14.1-all/8bnwg5hd3w55iofp58khbp6yv/gradle-2.14.1/lib/plugins/plexus-utils-2.0.6.jar
7f2c5c748000-7f2c5c74c000 r--s 00021000 00:35 6305117                    /home/danielle/.gradle/wrapper/dists/gradle-2.14.1-all/8bnwg5hd3w55iofp58khbp6yv/gradle-2.14.1/lib/plugins/maven-model-builder-3.0.4.jar
7f2c5c74c000-7f2c5c74d000 r--s 00002000 00:35 6305116                    /home/danielle/.gradle/wrapper/dists/gradle-2.14.1-all/8bnwg5hd3w55iofp58khbp6yv/gradle-2.14.1/lib/plugins/wagon-file-2.4.jar
7f2c5c74d000-7f2c5c74f000 r--s 00002000 00:35 6305115                    /home/danielle/.gradle/wrapper/dists/gradle-2.14.1-all/8bnwg5hd3w55iofp58khbp6yv/gradle-2.14.1/lib/plugins/plexus-cipher-1.7.jar
7f2c5c74f000-7f2c5c752000 r--s 00013000 00:35 6305114                    /home/danielle/.gradle/wrapper/dists/gradle-2.14.1-all/8bnwg5hd3w55iofp58khbp6yv/gradle-2.14.1/lib/plugins/aether-api-1.13.1.jar
7f2c5c752000-7f2c5c754000 r--s 0000a000 00:35 6305113                    /home/danielle/.gradle/wrapper/dists/gradle-2.14.1-all/8bnwg5hd3w55iofp58khbp6yv/gradle-2.14.1/lib/plugins/maven-settings-3.0.4.jar
7f2c5c754000-7f2c5c756000 r--s 0000d000 00:35 6305112                    /home/danielle/.gradle/wrapper/dists/gradle-2.14.1-all/8bnwg5hd3w55iofp58khbp6yv/gradle-2.14.1/lib/plugins/plexus-interpolation-1.14.jar
7f2c5c756000-7f2c5c758000 r--s 0000b000 00:35 6305111                    /home/danielle/.gradle/wrapper/dists/gradle-2.14.1-all/8bnwg5hd3w55iofp58khbp6yv/gradle-2.14.1/lib/plugins/maven-artifact-3.0.4.jar
7f2c5c758000-7f2c5c75f000 r--s 0002e000 00:35 6305110                    /home/danielle/.gradle/wrapper/dists/gradle-2.14.1-all/8bnwg5hd3w55iofp58khbp6yv/gradle-2.14.1/lib/plugins/plexus-container-default-1.5.5.jar
7f2c5c75f000-7f2c5c761000 r--s 0000b000 00:35 6305109                    /home/danielle/.gradle/wrapper/dists/gradle-2.14.1-all/8bnwg5hd3w55iofp58khbp6yv/gradle-2.14.1/lib/plugins/maven-plugin-api-3.0.4.jar
7f2c5c761000-7f2c5c763000 r--s 00000000 00:35 6305130                    /home/danielle/.gradle/wrapper/dists/gradle-2.14.1-all/8bnwg5hd3w55iofp58khbp6yv/gradle-2.14.1/lib/plugins/plexus-component-annotations-1.5.5.jar
7f2c5c763000-7f2c5c769000 r--s 0003f000 00:35 6305108                    /home/danielle/.gradle/wrapper/dists/gradle-2.14.1-all/8bnwg5hd3w55iofp58khbp6yv/gradle-2.14.1/lib/plugins/maven-compat-3.0.4.jar
7f2c5c769000-7f2c5c76c000 r--s 00008000 00:35 6305107                    /home/danielle/.gradle/wrapper/dists/gradle-2.14.1-all/8bnwg5hd3w55iofp58khbp6yv/gradle-2.14.1/lib/plugins/maven-settings-builder-3.0.4.jar
7f2c5c76c000-7f2c5c76d000 r--s 00002000 00:35 6305106                    /home/danielle/.gradle/wrapper/dists/gradle-2.14.1-all/8bnwg5hd3w55iofp58khbp6yv/gradle-2.14.1/lib/plugins/wagon-http-2.4.jar
7f2c5c76d000-7f2c5c76f000 r--s 00026000 00:35 6305105                    /home/danielle/.gradle/wrapper/dists/gradle-2.14.1-all/8bnwg5hd3w55iofp58khbp6yv/gradle-2.14.1/lib/plugins/maven-model-3.0.4.jar
7f2c5c76f000-7f2c5c771000 r--s 00006000 00:35 6305104                    /home/danielle/.gradle/wrapper/dists/gradle-2.14.1-all/8bnwg5hd3w55iofp58khbp6yv/gradle-2.14.1/lib/plugins/aether-connector-wagon-1.13.1.jar
7f2c5c771000-7f2c5c773000 r--s 0000a000 00:35 6305103                    /home/danielle/.gradle/wrapper/dists/gradle-2.14.1-all/8bnwg5hd3w55iofp58khbp6yv/gradle-2.14.1/lib/plugins/plexus-classworlds-2.4.jar
7f2c5c773000-7f2c5c775000 r--s 00006000 00:35 6305102                    /home/danielle/.gradle/wrapper/dists/gradle-2.14.1-all/8bnwg5hd3w55iofp58khbp6yv/gradle-2.14.1/lib/plugins/maven-repository-metadata-3.0.4.jar
7f2c5c775000-7f2c5c777000 r--s 0000c000 00:35 6305100                    /home/danielle/.gradle/wrapper/dists/gradle-2.14.1-all/8bnwg5hd3w55iofp58khbp6yv/gradle-2.14.1/lib/plugins/maven-aether-provider-3.0.4.jar
7f2c5c777000-7f2c5c779000 r--s 0000b000 00:35 6305099                    /home/danielle/.gradle/wrapper/dists/gradle-2.14.1-all/8bnwg5hd3w55iofp58khbp6yv/gradle-2.14.1/lib/plugins/wagon-provider-api-2.4.jar
7f2c5c779000-7f2c5c77a000 r--s 00003000 00:35 6305098                    /home/danielle/.gradle/wrapper/dists/gradle-2.14.1-all/8bnwg5hd3w55iofp58khbp6yv/gradle-2.14.1/lib/plugins/aether-spi-1.13.1.jar
7f2c5c77a000-7f2c5c77e000 r--s 0001c000 00:35 6305097                    /home/danielle/.gradle/wrapper/dists/gradle-2.14.1-all/8bnwg5hd3w55iofp58khbp6yv/gradle-2.14.1/lib/plugins/aether-util-1.13.1.jar
7f2c5c77e000-7f2c5c781000 r--s 0001d000 00:35 6305096                    /home/danielle/.gradle/wrapper/dists/gradle-2.14.1-all/8bnwg5hd3w55iofp58khbp6yv/gradle-2.14.1/lib/plugins/aether-impl-1.13.1.jar
7f2c5c781000-7f2c5c782000 r--s 00006000 00:35 6305095                    /home/danielle/.gradle/wrapper/dists/gradle-2.14.1-all/8bnwg5hd3w55iofp58khbp6yv/gradle-2.14.1/lib/plugins/plexus-sec-dispatcher-1.3.jar
7f2c5c782000-7f2c5c787000 r--s 00040000 00:35 6305080                    /home/danielle/.gradle/wrapper/dists/gradle-2.14.1-all/8bnwg5hd3w55iofp58khbp6yv/gradle-2.14.1/lib/plugins/jsch-0.1.53.jar
7f2c5c787000-7f2c5c7c7000 r--s 00277000 00:35 6305091                    /home/danielle/.gradle/wrapper/dists/gradle-2.14.1-all/8bnwg5hd3w55iofp58khbp6yv/gradle-2.14.1/lib/plugins/bcprov-jdk15on-1.51.jar
7f2c5c7c7000-7f2c5c7d3000 r--s 0007d000 00:35 6305065                    /home/danielle/.gradle/wrapper/dists/gradle-2.14.1-all/8bnwg5hd3w55iofp58khbp6yv/gradle-2.14.1/lib/plugins/maven-core-3.0.4.jar
7f2c5c7d3000-7f2c5c7d8000 r--s 0002a000 00:35 6305072                    /home/danielle/.gradle/wrapper/dists/gradle-2.14.1-all/8bnwg5hd3w55iofp58khbp6yv/gradle-2.14.1/lib/plugins/gson-2.2.4.jar
7f2c5c7d8000-7f2c5c7f4000 r--s 000d3000 00:35 6305050                    /home/danielle/.gradle/wrapper/dists/gradle-2.14.1-all/8bnwg5hd3w55iofp58khbp6yv/gradle-2.14.1/lib/plugins/gradle-dependency-management-2.14.1.jar
7f2c5c7f4000-7f2c5c7fd000 r-xp 00000000 08:02 396507                     /usr/lib/jvm/java-8-openjdk-amd64/jre/lib/amd64/libmanagement.so
7f2c5c7fd000-7f2c5c9fc000 ---p 00009000 08:02 396507                     /usr/lib/jvm/java-8-openjdk-amd64/jre/lib/amd64/libmanagement.so
7f2c5c9fc000-7f2c5c9fd000 r--p 00008000 08:02 396507                     /usr/lib/jvm/java-8-openjdk-amd64/jre/lib/amd64/libmanagement.so
7f2c5c9fd000-7f2c5c9fe000 rw-p 00009000 08:02 396507                     /usr/lib/jvm/java-8-openjdk-amd64/jre/lib/amd64/libmanagement.so
7f2c5c9fe000-7f2c5cbfe000 rw-p 00000000 00:00 0 
7f2c5cbfe000-7f2c5cc13000 r-xp 00000000 08:02 6172180                    /tmp/jna471675110480967724.tmp
7f2c5cc13000-7f2c5cd12000 ---p 00015000 08:02 6172180                    /tmp/jna471675110480967724.tmp
7f2c5cd12000-7f2c5cd14000 rw-p 00014000 08:02 6172180                    /tmp/jna471675110480967724.tmp
7f2c5cd14000-7f2c5cd39000 r-xp 00000000 08:02 3150452                    /lib/x86_64-linux-gnu/libtinfo.so.5.9
7f2c5cd39000-7f2c5cf38000 ---p 00025000 08:02 3150452                    /lib/x86_64-linux-gnu/libtinfo.so.5.9
7f2c5cf38000-7f2c5cf3c000 r--p 00024000 08:02 3150452                    /lib/x86_64-linux-gnu/libtinfo.so.5.9
7f2c5cf3c000-7f2c5cf3d000 rw-p 00028000 08:02 3150452                    /lib/x86_64-linux-gnu/libtinfo.so.5.9
7f2c5cf3d000-7f2c5cf5e000 r-xp 00000000 08:02 3150363                    /lib/x86_64-linux-gnu/libncurses.so.5.9
7f2c5cf5e000-7f2c5d15d000 ---p 00021000 08:02 3150363                    /lib/x86_64-linux-gnu/libncurses.so.5.9
7f2c5d15d000-7f2c5d15e000 r--p 00020000 08:02 3150363                    /lib/x86_64-linux-gnu/libncurses.so.5.9
7f2c5d15e000-7f2c5d15f000 rw-p 00021000 08:02 3150363                    /lib/x86_64-linux-gnu/libncurses.so.5.9
7f2c5d15f000-7f2c5d163000 r--s 0001d000 00:35 6305090                    /home/danielle/.gradle/wrapper/dists/gradle-2.14.1-all/8bnwg5hd3w55iofp58khbp6yv/gradle-2.14.1/lib/plugins/xbean-reflect-3.4.jar
7f2c5d163000-7f2c5d172000 r--s 000d9000 00:35 6305089                    /home/danielle/.gradle/wrapper/dists/gradle-2.14.1-all/8bnwg5hd3w55iofp58khbp6yv/gradle-2.14.1/lib/plugins/ivy-2.2.0.jar
7f2c5d172000-7f2c5d179000 r--s 00000000 08:02 661206                     /usr/lib/x86_64-linux-gnu/gconv/gconv-modules.cache
7f2c5d179000-7f2c5d17c000 r-xp 00000000 00:35 35044                      /home/danielle/.gradle/native/19/linux-amd64/libnative-platform-curses.so
7f2c5d17c000-7f2c5d37c000 ---p 00003000 00:35 35044                      /home/danielle/.gradle/native/19/linux-amd64/libnative-platform-curses.so
7f2c5d37c000-7f2c5d37d000 rw-p 00003000 00:35 35044                      /home/danielle/.gradle/native/19/linux-amd64/libnative-platform-curses.so
7f2c5d37d000-7f2c5d381000 r-xp 00000000 00:35 35042                      /home/danielle/.gradle/native/19/linux-amd64/libnative-platform.so
7f2c5d381000-7f2c5d580000 ---p 00004000 00:35 35042                      /home/danielle/.gradle/native/19/linux-amd64/libnative-platform.so
7f2c5d580000-7f2c5d581000 rw-p 00003000 00:35 35042                      /home/danielle/.gradle/native/19/linux-amd64/libnative-platform.so
7f2c5d581000-7f2c5d583000 r--s 00005000 00:35 3960166                    /home/danielle/.gradle/wrapper/dists/gradle-2.14.1-all/8bnwg5hd3w55iofp58khbp6yv/gradle-2.14.1/lib/gradle-wrapper-2.14.1.jar
7f2c5d583000-7f2c5d591000 r--s 0004f000 00:35 3960173                    /home/danielle/.gradle/wrapper/dists/gradle-2.14.1-all/8bnwg5hd3w55iofp58khbp6yv/gradle-2.14.1/lib/gradle-tooling-api-2.14.1.jar
7f2c5d591000-7f2c5d593000 r--s 00002000 00:35 3960193                    /home/danielle/.gradle/wrapper/dists/gradle-2.14.1-all/8bnwg5hd3w55iofp58khbp6yv/gradle-2.14.1/lib/gradle-open-api-2.14.1.jar
7f2c5d593000-7f2c5d599000 r--s 00032000 00:35 3960195                    /home/danielle/.gradle/wrapper/dists/gradle-2.14.1-all/8bnwg5hd3w55iofp58khbp6yv/gradle-2.14.1/lib/jaxen-1.1.jar
7f2c5d599000-7f2c5d59e000 r--s 00048000 00:35 3960194                    /home/danielle/.gradle/wrapper/dists/gradle-2.14.1-all/8bnwg5hd3w55iofp58khbp6yv/gradle-2.14.1/lib/dom4j-1.6.1.jar
7f2c5d59e000-7f2c5d5a9000 r--s 00059000 00:35 3960172                    /home/danielle/.gradle/wrapper/dists/gradle-2.14.1-all/8bnwg5hd3w55iofp58khbp6yv/gradle-2.14.1/lib/gradle-ui-2.14.1.jar
7f2c5d5a9000-7f2c5d5ac000 r--s 0000b000 00:35 3960191                    /home/danielle/.gradle/wrapper/dists/gradle-2.14.1-all/8bnwg5hd3w55iofp58khbp6yv/gradle-2.14.1/lib/gradle-resources-2.14.1.jar
7f2c5d5ac000-7f2c5d5ae000 r--s 00003000 00:35 3960203                    /home/danielle/.gradle/wrapper/dists/gradle-2.14.1-all/8bnwg5hd3w55iofp58khbp6yv/gradle-2.14.1/lib/jcl-over-slf4j-1.7.10.jar
7f2c5d5ae000-7f2c5d5af000 r--s 00005000 00:35 3960202                    /home/danielle/.gradle/wrapper/dists/gradle-2.14.1-all/8bnwg5hd3w55iofp58khbp6yv/gradle-2.14.1/lib/log4j-over-slf4j-1.7.10.jar
7f2c5d5af000-7f2c5d5b1000 r--s 00000000 00:35 3960201                    /home/danielle/.gradle/wrapper/dists/gradle-2.14.1-all/8bnwg5hd3w55iofp58khbp6yv/gradle-2.14.1/lib/jul-to-slf4j-1.7.10.jar
7f2c5d5b1000-7f2c5d5b6000 r--s 0001c000 00:35 3960190                    /home/danielle/.gradle/wrapper/dists/gradle-2.14.1-all/8bnwg5hd3w55iofp58khbp6yv/gradle-2.14.1/lib/gradle-logging-2.14.1.jar
7f2c5d5b6000-7f2c5d5b8000 r--s 00007000 00:35 3960214                    /home/danielle/.gradle/wrapper/dists/gradle-2.14.1-all/8bnwg5hd3w55iofp58khbp6yv/gradle-2.14.1/lib/objenesis-1.2.jar
7f2c5d5b8000-7f2c5d5ba000 r--s 00000000 00:35 3960213                    /home/danielle/.gradle/wrapper/dists/gradle-2.14.1-all/8bnwg5hd3w55iofp58khbp6yv/gradle-2.14.1/lib/minlog-1.2.jar
7f2c5d5ba000-7f2c5d5bc000 r--s 0000f000 00:35 3960212                    /home/danielle/.gradle/wrapper/dists/gradle-2.14.1-all/8bnwg5hd3w55iofp58khbp6yv/gradle-2.14.1/lib/reflectasm-1.07-shaded.jar
7f2c5d5bc000-7f2c5d5c0000 r--s 00026000 00:35 3960200                    /home/danielle/.gradle/wrapper/dists/gradle-2.14.1-all/8bnwg5hd3w55iofp58khbp6yv/gradle-2.14.1/lib/kryo-2.20.jar
7f2c5d5c0000-7f2c5d5c6000 r--s 00025000 00:35 3960189                    /home/danielle/.gradle/wrapper/dists/gradle-2.14.1-all/8bnwg5hd3w55iofp58khbp6yv/gradle-2.14.1/lib/gradle-messaging-2.14.1.jar
7f2c5d5c6000-7f2c5d5c7000 r--s 00003000 00:35 3960211                    /home/danielle/.gradle/wrapper/dists/gradle-2.14.1-all/8bnwg5hd3w55iofp58khbp6yv/gradle-2.14.1/lib/native-platform-freebsd-amd64-0.10.jar
7f2c5d5c7000-7f2c5d5c8000 r--s 00003000 00:35 3960210                    /home/danielle/.gradle/wrapper/dists/gradle-2.14.1-all/8bnwg5hd3w55iofp58khbp6yv/gradle-2.14.1/lib/native-platform-freebsd-i386-0.10.jar
7f2c5d5c8000-7f2c5d5c9000 r--s 00005000 00:35 3960209                    /home/danielle/.gradle/wrapper/dists/gradle-2.14.1-all/8bnwg5hd3w55iofp58khbp6yv/gradle-2.14.1/lib/native-platform-windows-i386-0.10.jar
7f2c5d5c9000-7f2c5d5ca000 r--s 00005000 00:35 3960208                    /home/danielle/.gradle/wrapper/dists/gradle-2.14.1-all/8bnwg5hd3w55iofp58khbp6yv/gradle-2.14.1/lib/native-platform-windows-amd64-0.10.jar
7f2c5d5ca000-7f2c5d5cb000 r--s 00003000 00:35 3960207                    /home/danielle/.gradle/wrapper/dists/gradle-2.14.1-all/8bnwg5hd3w55iofp58khbp6yv/gradle-2.14.1/lib/native-platform-linux-i386-0.10.jar
7f2c5d5cb000-7f2c5d5cc000 r--s 00003000 00:35 3960206                    /home/danielle/.gradle/wrapper/dists/gradle-2.14.1-all/8bnwg5hd3w55iofp58khbp6yv/gradle-2.14.1/lib/native-platform-linux-amd64-0.10.jar
7f2c5d5cc000-7f2c5d5cd000 r--s 00002000 00:35 3960205                    /home/danielle/.gradle/wrapper/dists/gradle-2.14.1-all/8bnwg5hd3w55iofp58khbp6yv/gradle-2.14.1/lib/native-platform-osx-amd64-0.10.jar
7f2c5d5cd000-7f2c5d5cf000 r--s 00008000 00:35 3960198                    /home/danielle/.gradle/wrapper/dists/gradle-2.14.1-all/8bnwg5hd3w55iofp58khbp6yv/gradle-2.14.1/lib/jansi-1.2.1.jar
7f2c5d5cf000-7f2c5d5de000 r--s 00080000 00:35 3960180                    /home/danielle/.gradle/wrapper/dists/gradle-2.14.1-all/8bnwg5hd3w55iofp58khbp6yv/gradle-2.14.1/lib/gradle-model-core-2.14.1.jar
7f2c5d5de000-7f2c5d5eb000 r--s 00083000 00:35 3960184                    /home/danielle/.gradle/wrapper/dists/gradle-2.14.1-all/8bnwg5hd3w55iofp58khbp6yv/gradle-2.14.1/lib/commons-collections-3.2.2.jar
7f2c5d5eb000-7f2c5d65a000 r--s 0063e000 00:35 3960179                    /home/danielle/.gradle/wrapper/dists/gradle-2.14.1-all/8bnwg5hd3w55iofp58khbp6yv/gradle-2.14.1/lib/groovy-all-2.4.4.jar
7f2c5d65a000-7f2c5d682000 r--s 001cf000 00:35 3960176                    /home/danielle/.gradle/wrapper/dists/gradle-2.14.1-all/8bnwg5hd3w55iofp58khbp6yv/gradle-2.14.1/lib/guava-jdk5-17.0.jar
7f2c5d682000-7f2c5d6a1000 r--s 001d1000 00:35 3960183                    /home/danielle/.gradle/wrapper/dists/gradle-2.14.1-all/8bnwg5hd3w55iofp58khbp6yv/gradle-2.14.1/lib/ant-1.9.6.jar
7f2c5d6a1000-7f2c5d6d8000 r--s 001bd000 00:35 3960170                    /home/danielle/.gradle/wrapper/dists/gradle-2.14.1-all/8bnwg5hd3w55iofp58khbp6yv/gradle-2.14.1/lib/gradle-core-2.14.1.jar
7f2c5d6d8000-7f2c5d6db000 ---p 00000000 00:00 0 
7f2c5d6db000-7f2c5d911000 rw-p 00000000 00:00 0 
7f2c5d911000-7f2c5d914000 ---p 00000000 00:00 0 
7f2c5d914000-7f2c5da12000 rw-p 00000000 00:00 0 
7f2c5da12000-7f2c5da28000 r-xp 00000000 08:02 3152681                    /lib/x86_64-linux-gnu/libresolv-2.26.so
7f2c5da28000-7f2c5dc28000 ---p 00016000 08:02 3152681                    /lib/x86_64-linux-gnu/libresolv-2.26.so
7f2c5dc28000-7f2c5dc29000 r--p 00016000 08:02 3152681                    /lib/x86_64-linux-gnu/libresolv-2.26.so
7f2c5dc29000-7f2c5dc2a000 rw-p 00017000 08:02 3152681                    /lib/x86_64-linux-gnu/libresolv-2.26.so
7f2c5dc2a000-7f2c5dc2c000 rw-p 00000000 00:00 0 
7f2c5dc2c000-7f2c5dc31000 r-xp 00000000 08:02 3152674                    /lib/x86_64-linux-gnu/libnss_dns-2.26.so
7f2c5dc31000-7f2c5de31000 ---p 00005000 08:02 3152674                    /lib/x86_64-linux-gnu/libnss_dns-2.26.so
7f2c5de31000-7f2c5de32000 r--p 00005000 08:02 3152674                    /lib/x86_64-linux-gnu/libnss_dns-2.26.so
7f2c5de32000-7f2c5de33000 rw-p 00006000 08:02 3152674                    /lib/x86_64-linux-gnu/libnss_dns-2.26.so
7f2c5de33000-7f2c5de35000 r-xp 00000000 08:02 3150386                    /lib/x86_64-linux-gnu/libnss_mdns4_minimal.so.2
7f2c5de35000-7f2c5e034000 ---p 00002000 08:02 3150386                    /lib/x86_64-linux-gnu/libnss_mdns4_minimal.so.2
7f2c5e034000-7f2c5e035000 r--p 00001000 08:02 3150386                    /lib/x86_64-linux-gnu/libnss_mdns4_minimal.so.2
7f2c5e035000-7f2c5e036000 rw-p 00002000 08:02 3150386                    /lib/x86_64-linux-gnu/libnss_mdns4_minimal.so.2
7f2c5e036000-7f2c5e039000 r--s 0000d000 00:35 3960197                    /home/danielle/.gradle/wrapper/dists/gradle-2.14.1-all/8bnwg5hd3w55iofp58khbp6yv/gradle-2.14.1/lib/native-platform-0.10.jar
7f2c5e039000-7f2c5e03d000 r--s 000e4000 00:35 3960196                    /home/danielle/.gradle/wrapper/dists/gradle-2.14.1-all/8bnwg5hd3w55iofp58khbp6yv/gradle-2.14.1/lib/jna-3.2.7.jar
7f2c5e03d000-7f2c5e050000 r--s 00346000 08:02 396584                     /usr/lib/jvm/java-8-openjdk-amd64/jre/lib/resources.jar
7f2c5e050000-7f2c5e078000 r-xp 00000000 08:02 396516                     /usr/lib/jvm/java-8-openjdk-amd64/jre/lib/amd64/libsunec.so
7f2c5e078000-7f2c5e277000 ---p 00028000 08:02 396516                     /usr/lib/jvm/java-8-openjdk-amd64/jre/lib/amd64/libsunec.so
7f2c5e277000-7f2c5e27b000 r--p 00027000 08:02 396516                     /usr/lib/jvm/java-8-openjdk-amd64/jre/lib/amd64/libsunec.so
7f2c5e27b000-7f2c5e27c000 rw-p 0002b000 08:02 396516                     /usr/lib/jvm/java-8-openjdk-amd64/jre/lib/amd64/libsunec.so
7f2c5e27c000-7f2c5e28d000 r-xp 00000000 08:02 396510                     /usr/lib/jvm/java-8-openjdk-amd64/jre/lib/amd64/libnio.so
7f2c5e28d000-7f2c5e48d000 ---p 00011000 08:02 396510                     /usr/lib/jvm/java-8-openjdk-amd64/jre/lib/amd64/libnio.so
7f2c5e48d000-7f2c5e48e000 r--p 00011000 08:02 396510                     /usr/lib/jvm/java-8-openjdk-amd64/jre/lib/amd64/libnio.so
7f2c5e48e000-7f2c5e48f000 rw-p 00012000 08:02 396510                     /usr/lib/jvm/java-8-openjdk-amd64/jre/lib/amd64/libnio.so
7f2c5e48f000-7f2c5e4c0000 rw-p 00000000 00:00 0 
7f2c5e4c0000-7f2c5e4d7000 r-xp 00000000 08:02 396509                     /usr/lib/jvm/java-8-openjdk-amd64/jre/lib/amd64/libnet.so
7f2c5e4d7000-7f2c5e6d6000 ---p 00017000 08:02 396509                     /usr/lib/jvm/java-8-openjdk-amd64/jre/lib/amd64/libnet.so
7f2c5e6d6000-7f2c5e6d7000 r--p 00016000 08:02 396509                     /usr/lib/jvm/java-8-openjdk-amd64/jre/lib/amd64/libnet.so
7f2c5e6d7000-7f2c5e6d8000 rw-p 00017000 08:02 396509                     /usr/lib/jvm/java-8-openjdk-amd64/jre/lib/amd64/libnet.so
7f2c5e6d8000-7f2c5e6f3000 r--s 001d6000 08:02 396555                     /usr/lib/jvm/java-8-openjdk-amd64/jre/lib/ext/nashorn.jar
7f2c5e6f3000-7f2c5e70e000 r--s 00394000 08:02 396536                     /usr/lib/jvm/java-8-openjdk-amd64/jre/lib/ext/cldrdata.jar
7f2c5e70e000-7f2c5e70f000 ---p 00000000 00:00 0 
7f2c5e70f000-7f2c5e80f000 rw-p 00000000 00:00 0 
7f2c5e80f000-7f2c5e812000 ---p 00000000 00:00 0 
7f2c5e812000-7f2c5e910000 rw-p 00000000 00:00 0 
7f2c5e910000-7f2c5e913000 ---p 00000000 00:00 0 
7f2c5e913000-7f2c5ea11000 rw-p 00000000 00:00 0 
7f2c5ea11000-7f2c5ea14000 ---p 00000000 00:00 0 
7f2c5ea14000-7f2c5eb12000 rw-p 00000000 00:00 0 
7f2c5eb12000-7f2c5eb15000 ---p 00000000 00:00 0 
7f2c5eb15000-7f2c5ec13000 rw-p 00000000 00:00 0 
7f2c5ec13000-7f2c5ec16000 ---p 00000000 00:00 0 
7f2c5ec16000-7f2c5ed14000 rw-p 00000000 00:00 0 
7f2c5ed14000-7f2c5eff0000 r--p 00000000 08:02 401586                     /usr/lib/locale/locale-archive
7f2c5eff0000-7f2c5eff3000 ---p 00000000 00:00 0 
7f2c5eff3000-7f2c5f0f1000 rw-p 00000000 00:00 0 
7f2c5f0f1000-7f2c5f0f4000 ---p 00000000 00:00 0 
7f2c5f0f4000-7f2c5f1f2000 rw-p 00000000 00:00 0 
7f2c5f1f2000-7f2c5f1f3000 ---p 00000000 00:00 0 
7f2c5f1f3000-7f2c60000000 rw-p 00000000 00:00 0 
7f2c60000000-7f2c60021000 rw-p 00000000 00:00 0 
7f2c60021000-7f2c64000000 ---p 00000000 00:00 0 
7f2c64000000-7f2c64001000 r--s 00002000 00:35 3960204                    /home/danielle/.gradle/wrapper/dists/gradle-2.14.1-all/8bnwg5hd3w55iofp58khbp6yv/gradle-2.14.1/lib/native-platform-osx-i386-0.10.jar
7f2c64001000-7f2c64003000 r--s 00009000 00:35 3960174                    /home/danielle/.gradle/wrapper/dists/gradle-2.14.1-all/8bnwg5hd3w55iofp58khbp6yv/gradle-2.14.1/lib/gradle-native-2.14.1.jar
7f2c64003000-7f2c64005000 r--s 00005000 00:35 3960171                    /home/danielle/.gradle/wrapper/dists/gradle-2.14.1-all/8bnwg5hd3w55iofp58khbp6yv/gradle-2.14.1/lib/gradle-cli-2.14.1.jar
7f2c64005000-7f2c64007000 r--s 00007000 00:35 3960181                    /home/danielle/.gradle/wrapper/dists/gradle-2.14.1-all/8bnwg5hd3w55iofp58khbp6yv/gradle-2.14.1/lib/gradle-model-groovy-2.14.1.jar
7f2c64007000-7f2c64008000 r--s 00006000 00:35 3960188                    /home/danielle/.gradle/wrapper/dists/gradle-2.14.1-all/8bnwg5hd3w55iofp58khbp6yv/gradle-2.14.1/lib/gradle-base-services-groovy-2.14.1.jar
7f2c64008000-7f2c6400c000 r--s 00027000 00:35 3960185                    /home/danielle/.gradle/wrapper/dists/gradle-2.14.1-all/8bnwg5hd3w55iofp58khbp6yv/gradle-2.14.1/lib/commons-io-2.2.jar
7f2c6400c000-7f2c68000000 rw-p 00000000 00:00 0 
7f2c68000000-7f2c68021000 rw-p 00000000 00:00 0 
7f2c68021000-7f2c6c000000 ---p 00000000 00:00 0 
7f2c6c000000-7f2c6c032000 rw-p 00000000 00:00 0 
7f2c6c032000-7f2c70000000 ---p 00000000 00:00 0 
7f2c70000000-7f2c70021000 rw-p 00000000 00:00 0 
7f2c70021000-7f2c74000000 ---p 00000000 00:00 0 
7f2c74000000-7f2c74001000 r--s 00002000 00:35 3960192                    /home/danielle/.gradle/wrapper/dists/gradle-2.14.1-all/8bnwg5hd3w55iofp58khbp6yv/gradle-2.14.1/lib/gradle-docs-2.14.1.jar
7f2c74001000-7f2c74002000 r--s 00000000 00:35 3960187                    /home/danielle/.gradle/wrapper/dists/gradle-2.14.1-all/8bnwg5hd3w55iofp58khbp6yv/gradle-2.14.1/lib/javax.inject-1.jar
7f2c74002000-7f2c74003000 r--s 00000000 00:35 3960186                    /home/danielle/.gradle/wrapper/dists/gradle-2.14.1-all/8bnwg5hd3w55iofp58khbp6yv/gradle-2.14.1/lib/jcip-annotations-1.0.jar
7f2c74003000-7f2c74008000 r--s 00038000 00:35 3960182                    /home/danielle/.gradle/wrapper/dists/gradle-2.14.1-all/8bnwg5hd3w55iofp58khbp6yv/gradle-2.14.1/lib/asm-all-5.1.jar
7f2c74008000-7f2c74009000 r--s 00001000 00:35 3960178                    /home/danielle/.gradle/wrapper/dists/gradle-2.14.1-all/8bnwg5hd3w55iofp58khbp6yv/gradle-2.14.1/lib/gradle-process-services-2.14.1.jar
7f2c74009000-7f2c7400a000 r--s 00000000 00:35 3960169                    /home/danielle/.gradle/wrapper/dists/gradle-2.14.1-all/8bnwg5hd3w55iofp58khbp6yv/gradle-2.14.1/lib/gradle-jvm-services-2.14.1.jar
7f2c7400a000-7f2c74012000 r--s 0003a000 00:35 3960168                    /home/danielle/.gradle/wrapper/dists/gradle-2.14.1-all/8bnwg5hd3w55iofp58khbp6yv/gradle-2.14.1/lib/gradle-base-services-2.14.1.jar
7f2c74012000-7f2c74054000 rw-p 00000000 00:00 0 
7f2c74054000-7f2c74223000 r--s 03c21000 08:02 396588                     /usr/lib/jvm/java-8-openjdk-amd64/jre/lib/rt.jar
7f2c74223000-7f2c74dfe000 rw-p 00000000 00:00 0 
7f2c74dfe000-7f2c74dff000 ---p 00000000 00:00 0 
7f2c74dff000-7f2c74eff000 rw-p 00000000 00:00 0 
7f2c74eff000-7f2c74f00000 ---p 00000000 00:00 0 
7f2c74f00000-7f2c75000000 rw-p 00000000 00:00 0 
7f2c75000000-7f2c76840000 rwxp 00000000 00:00 0 
7f2c76840000-7f2c84000000 ---p 00000000 00:00 0 
7f2c84000000-7f2c86140000 rw-p 00000000 00:00 0 
7f2c86140000-7f2c88000000 ---p 00000000 00:00 0 
7f2c88000000-7f2c88005000 r--s 00041000 00:35 3960177                    /home/danielle/.gradle/wrapper/dists/gradle-2.14.1-all/8bnwg5hd3w55iofp58khbp6yv/gradle-2.14.1/lib/commons-lang-2.6.jar
7f2c88005000-7f2c88010000 r--s 00051000 00:35 3960165                    /home/danielle/.gradle/wrapper/dists/gradle-2.14.1-all/8bnwg5hd3w55iofp58khbp6yv/gradle-2.14.1/lib/gradle-launcher-2.14.1.jar
7f2c88010000-7f2c88013000 r--s 00015000 08:02 396576                     /usr/lib/jvm/java-8-openjdk-amd64/jre/lib/jce.jar
7f2c88013000-7f2c880d7000 rw-p 00000000 00:00 0 
7f2c880d7000-7f2c880d8000 ---p 00000000 00:00 0 
7f2c880d8000-7f2c881d8000 rw-p 00000000 00:00 0 
7f2c881d8000-7f2c881d9000 ---p 00000000 00:00 0 
7f2c881d9000-7f2c88307000 rw-p 00000000 00:00 0 
7f2c88307000-7f2c8856b000 ---p 00000000 00:00 0 
7f2c8856b000-7f2c88599000 rw-p 00000000 00:00 0 
7f2c88599000-7f2c887fd000 ---p 00000000 00:00 0 
7f2c887fd000-7f2c888ab000 rw-p 00000000 00:00 0 
7f2c888ab000-7f2c88946000 ---p 00000000 00:00 0 
7f2c88946000-7f2c889a8000 rw-p 00000000 00:00 0 
7f2c889a8000-7f2c88d07000 ---p 00000000 00:00 0 
7f2c88d07000-7f2c88d0f000 r-xp 00000000 08:02 396519                     /usr/lib/jvm/java-8-openjdk-amd64/jre/lib/amd64/libzip.so
7f2c88d0f000-7f2c88f0e000 ---p 00008000 08:02 396519                     /usr/lib/jvm/java-8-openjdk-amd64/jre/lib/amd64/libzip.so
7f2c88f0e000-7f2c88f0f000 r--p 00007000 08:02 396519                     /usr/lib/jvm/java-8-openjdk-amd64/jre/lib/amd64/libzip.so
7f2c88f0f000-7f2c88f10000 rw-p 00008000 08:02 396519                     /usr/lib/jvm/java-8-openjdk-amd64/jre/lib/amd64/libzip.so
7f2c88f10000-7f2c88f1b000 r-xp 00000000 08:02 3152675                    /lib/x86_64-linux-gnu/libnss_files-2.26.so
7f2c88f1b000-7f2c8911a000 ---p 0000b000 08:02 3152675                    /lib/x86_64-linux-gnu/libnss_files-2.26.so
7f2c8911a000-7f2c8911b000 r--p 0000a000 08:02 3152675                    /lib/x86_64-linux-gnu/libnss_files-2.26.so
7f2c8911b000-7f2c8911c000 rw-p 0000b000 08:02 3152675                    /lib/x86_64-linux-gnu/libnss_files-2.26.so
7f2c8911c000-7f2c89122000 rw-p 00000000 00:00 0 
7f2c89122000-7f2c8912d000 r-xp 00000000 08:02 3152677                    /lib/x86_64-linux-gnu/libnss_nis-2.26.so
7f2c8912d000-7f2c8932c000 ---p 0000b000 08:02 3152677                    /lib/x86_64-linux-gnu/libnss_nis-2.26.so
7f2c8932c000-7f2c8932d000 r--p 0000a000 08:02 3152677                    /lib/x86_64-linux-gnu/libnss_nis-2.26.so
7f2c8932d000-7f2c8932e000 rw-p 0000b000 08:02 3152677                    /lib/x86_64-linux-gnu/libnss_nis-2.26.so
7f2c8932e000-7f2c89345000 r-xp 00000000 08:02 3152672                    /lib/x86_64-linux-gnu/libnsl-2.26.so
7f2c89345000-7f2c89544000 ---p 00017000 08:02 3152672                    /lib/x86_64-linux-gnu/libnsl-2.26.so
7f2c89544000-7f2c89545000 r--p 00016000 08:02 3152672                    /lib/x86_64-linux-gnu/libnsl-2.26.so
7f2c89545000-7f2c89546000 rw-p 00017000 08:02 3152672                    /lib/x86_64-linux-gnu/libnsl-2.26.so
7f2c89546000-7f2c89548000 rw-p 00000000 00:00 0 
7f2c89548000-7f2c89550000 r-xp 00000000 08:02 3152673                    /lib/x86_64-linux-gnu/libnss_compat-2.26.so
7f2c89550000-7f2c8974f000 ---p 00008000 08:02 3152673                    /lib/x86_64-linux-gnu/libnss_compat-2.26.so
7f2c8974f000-7f2c89750000 r--p 00007000 08:02 3152673                    /lib/x86_64-linux-gnu/libnss_compat-2.26.so
7f2c89750000-7f2c89751000 rw-p 00008000 08:02 3152673                    /lib/x86_64-linux-gnu/libnss_compat-2.26.so
7f2c89751000-7f2c8977e000 r-xp 00000000 08:02 396167                     /usr/lib/jvm/java-8-openjdk-amd64/jre/lib/amd64/libjava.so
7f2c8977e000-7f2c8997e000 ---p 0002d000 08:02 396167                     /usr/lib/jvm/java-8-openjdk-amd64/jre/lib/amd64/libjava.so
7f2c8997e000-7f2c8997f000 r--p 0002d000 08:02 396167                     /usr/lib/jvm/java-8-openjdk-amd64/jre/lib/amd64/libjava.so
7f2c8997f000-7f2c89981000 rw-p 0002e000 08:02 396167                     /usr/lib/jvm/java-8-openjdk-amd64/jre/lib/amd64/libjava.so
7f2c89981000-7f2c89991000 r-xp 00000000 08:02 396518                     /usr/lib/jvm/java-8-openjdk-amd64/jre/lib/amd64/libverify.so
7f2c89991000-7f2c89b90000 ---p 00010000 08:02 396518                     /usr/lib/jvm/java-8-openjdk-amd64/jre/lib/amd64/libverify.so
7f2c89b90000-7f2c89b92000 r--p 0000f000 08:02 396518                     /usr/lib/jvm/java-8-openjdk-amd64/jre/lib/amd64/libverify.so
7f2c89b92000-7f2c89b93000 rw-p 00011000 08:02 396518                     /usr/lib/jvm/java-8-openjdk-amd64/jre/lib/amd64/libverify.so
7f2c89b93000-7f2c89b9a000 r-xp 00000000 08:02 3152682                    /lib/x86_64-linux-gnu/librt-2.26.so
7f2c89b9a000-7f2c89d99000 ---p 00007000 08:02 3152682                    /lib/x86_64-linux-gnu/librt-2.26.so
7f2c89d99000-7f2c89d9a000 r--p 00006000 08:02 3152682                    /lib/x86_64-linux-gnu/librt-2.26.so
7f2c89d9a000-7f2c89d9b000 rw-p 00007000 08:02 3152682                    /lib/x86_64-linux-gnu/librt-2.26.so
7f2c89d9b000-7f2c89db1000 r-xp 00000000 08:02 3158313                    /lib/x86_64-linux-gnu/libgcc_s.so.1
7f2c89db1000-7f2c89fb0000 ---p 00016000 08:02 3158313                    /lib/x86_64-linux-gnu/libgcc_s.so.1
7f2c89fb0000-7f2c89fb1000 r--p 00015000 08:02 3158313                    /lib/x86_64-linux-gnu/libgcc_s.so.1
7f2c89fb1000-7f2c89fb2000 rw-p 00016000 08:02 3158313                    /lib/x86_64-linux-gnu/libgcc_s.so.1
7f2c89fb2000-7f2c8a107000 r-xp 00000000 08:02 3152669                    /lib/x86_64-linux-gnu/libm-2.26.so
7f2c8a107000-7f2c8a306000 ---p 00155000 08:02 3152669                    /lib/x86_64-linux-gnu/libm-2.26.so
7f2c8a306000-7f2c8a307000 r--p 00154000 08:02 3152669                    /lib/x86_64-linux-gnu/libm-2.26.so
7f2c8a307000-7f2c8a308000 rw-p 00155000 08:02 3152669                    /lib/x86_64-linux-gnu/libm-2.26.so
7f2c8a308000-7f2c8a480000 r-xp 00000000 08:02 396449                     /usr/lib/x86_64-linux-gnu/libstdc++.so.6.0.24
7f2c8a480000-7f2c8a67f000 ---p 00178000 08:02 396449                     /usr/lib/x86_64-linux-gnu/libstdc++.so.6.0.24
7f2c8a67f000-7f2c8a689000 r--p 00177000 08:02 396449                     /usr/lib/x86_64-linux-gnu/libstdc++.so.6.0.24
7f2c8a689000-7f2c8a68b000 rw-p 00181000 08:02 396449                     /usr/lib/x86_64-linux-gnu/libstdc++.so.6.0.24
7f2c8a68b000-7f2c8a68e000 rw-p 00000000 00:00 0 
7f2c8a68e000-7f2c8b318000 r-xp 00000000 08:02 396522                     /usr/lib/jvm/java-8-openjdk-amd64/jre/lib/amd64/server/libjvm.so
7f2c8b318000-7f2c8b518000 ---p 00c8a000 08:02 396522                     /usr/lib/jvm/java-8-openjdk-amd64/jre/lib/amd64/server/libjvm.so
7f2c8b518000-7f2c8b5ab000 r--p 00c8a000 08:02 396522                     /usr/lib/jvm/java-8-openjdk-amd64/jre/lib/amd64/server/libjvm.so
7f2c8b5ab000-7f2c8b5d3000 rw-p 00d1d000 08:02 396522                     /usr/lib/jvm/java-8-openjdk-amd64/jre/lib/amd64/server/libjvm.so
7f2c8b5d3000-7f2c8b604000 rw-p 00000000 00:00 0 
7f2c8b604000-7f2c8b61e000 r-xp 00000000 08:02 3152680                    /lib/x86_64-linux-gnu/libpthread-2.26.so
7f2c8b61e000-7f2c8b81d000 ---p 0001a000 08:02 3152680                    /lib/x86_64-linux-gnu/libpthread-2.26.so
7f2c8b81d000-7f2c8b81e000 r--p 00019000 08:02 3152680                    /lib/x86_64-linux-gnu/libpthread-2.26.so
7f2c8b81e000-7f2c8b81f000 rw-p 0001a000 08:02 3152680                    /lib/x86_64-linux-gnu/libpthread-2.26.so
7f2c8b81f000-7f2c8b823000 rw-p 00000000 00:00 0 
7f2c8b823000-7f2c8b826000 r-xp 00000000 08:02 3152668                    /lib/x86_64-linux-gnu/libdl-2.26.so
7f2c8b826000-7f2c8ba25000 ---p 00003000 08:02 3152668                    /lib/x86_64-linux-gnu/libdl-2.26.so
7f2c8ba25000-7f2c8ba26000 r--p 00002000 08:02 3152668                    /lib/x86_64-linux-gnu/libdl-2.26.so
7f2c8ba26000-7f2c8ba27000 rw-p 00003000 08:02 3152668                    /lib/x86_64-linux-gnu/libdl-2.26.so
7f2c8ba27000-7f2c8ba43000 r-xp 00000000 08:02 3150466                    /lib/x86_64-linux-gnu/libz.so.1.2.11
7f2c8ba43000-7f2c8bc42000 ---p 0001c000 08:02 3150466                    /lib/x86_64-linux-gnu/libz.so.1.2.11
7f2c8bc42000-7f2c8bc43000 r--p 0001b000 08:02 3150466                    /lib/x86_64-linux-gnu/libz.so.1.2.11
7f2c8bc43000-7f2c8bc44000 rw-p 0001c000 08:02 3150466                    /lib/x86_64-linux-gnu/libz.so.1.2.11
7f2c8bc44000-7f2c8be1a000 r-xp 00000000 08:02 3152665                    /lib/x86_64-linux-gnu/libc-2.26.so
7f2c8be1a000-7f2c8c01a000 ---p 001d6000 08:02 3152665                    /lib/x86_64-linux-gnu/libc-2.26.so
7f2c8c01a000-7f2c8c01e000 r--p 001d6000 08:02 3152665                    /lib/x86_64-linux-gnu/libc-2.26.so
7f2c8c01e000-7f2c8c020000 rw-p 001da000 08:02 3152665                    /lib/x86_64-linux-gnu/libc-2.26.so
7f2c8c020000-7f2c8c024000 rw-p 00000000 00:00 0 
7f2c8c024000-7f2c8c032000 r-xp 00000000 08:02 396025                     /usr/lib/jvm/java-8-openjdk-amd64/jre/lib/amd64/jli/libjli.so
7f2c8c032000-7f2c8c231000 ---p 0000e000 08:02 396025                     /usr/lib/jvm/java-8-openjdk-amd64/jre/lib/amd64/jli/libjli.so
7f2c8c231000-7f2c8c232000 r--p 0000d000 08:02 396025                     /usr/lib/jvm/java-8-openjdk-amd64/jre/lib/amd64/jli/libjli.so
7f2c8c232000-7f2c8c233000 rw-p 0000e000 08:02 396025                     /usr/lib/jvm/java-8-openjdk-amd64/jre/lib/amd64/jli/libjli.so
7f2c8c233000-7f2c8c25a000 r-xp 00000000 08:02 3152661                    /lib/x86_64-linux-gnu/ld-2.26.so
7f2c8c25a000-7f2c8c25b000 r--s 00007000 00:35 3960175                    /home/danielle/.gradle/wrapper/dists/gradle-2.14.1-all/8bnwg5hd3w55iofp58khbp6yv/gradle-2.14.1/lib/slf4j-api-1.7.10.jar
7f2c8c25b000-7f2c8c25c000 r--s 00004000 00:35 3960199                    /home/danielle/.gradle/wrapper/dists/gradle-2.14.1-all/8bnwg5hd3w55iofp58khbp6yv/gradle-2.14.1/lib/ant-launcher-1.9.6.jar
7f2c8c25c000-7f2c8c261000 r--s 0009a000 08:02 396578                     /usr/lib/jvm/java-8-openjdk-amd64/jre/lib/jsse.jar
7f2c8c261000-7f2c8c263000 r--s 0000b000 00:35 4457082                    /home/danielle/GHP/Senior/BuildAndGo/android/gradle/wrapper/gradle-wrapper.jar
7f2c8c263000-7f2c8c269000 r--s 0003a000 08:02 396557                     /usr/lib/jvm/java-8-openjdk-amd64/jre/lib/ext/sunjce_provider.jar
7f2c8c269000-7f2c8c26d000 r--s 00037000 08:02 396558                     /usr/lib/jvm/java-8-openjdk-amd64/jre/lib/ext/sunpkcs11.jar
7f2c8c26d000-7f2c8c270000 r--s 0000f000 08:02 396540                     /usr/lib/jvm/java-8-openjdk-amd64/jre/lib/ext/icedtea-sound.jar
7f2c8c270000-7f2c8c33b000 rw-p 00000000 00:00 0 
7f2c8c33b000-7f2c8c33e000 ---p 00000000 00:00 0 
7f2c8c33e000-7f2c8c43e000 rw-p 00000000 00:00 0 
7f2c8c43e000-7f2c8c43f000 r--s 00010000 08:02 396559                     /usr/lib/jvm/java-8-openjdk-amd64/jre/lib/ext/zipfs.jar
7f2c8c43f000-7f2c8c440000 r--s 0000a000 08:02 396541                     /usr/lib/jvm/java-8-openjdk-amd64/jre/lib/ext/jaccess.jar
7f2c8c440000-7f2c8c44a000 r--s 00116000 08:02 396542                     /usr/lib/jvm/java-8-openjdk-amd64/jre/lib/ext/localedata.jar
7f2c8c44a000-7f2c8c44c000 r--s 00008000 08:02 396556                     /usr/lib/jvm/java-8-openjdk-amd64/jre/lib/ext/sunec.jar
7f2c8c44c000-7f2c8c44e000 r--s 00001000 08:02 396538                     /usr/lib/jvm/java-8-openjdk-amd64/jre/lib/ext/dnsns.jar
7f2c8c44e000-7f2c8c456000 rw-s 00000000 08:02 6172178                    /tmp/hsperfdata_danielle/20062
7f2c8c456000-7f2c8c457000 rw-p 00000000 00:00 0 
7f2c8c457000-7f2c8c458000 ---p 00000000 00:00 0 
7f2c8c458000-7f2c8c45a000 rw-p 00000000 00:00 0 
7f2c8c45a000-7f2c8c45b000 r--p 00027000 08:02 3152661                    /lib/x86_64-linux-gnu/ld-2.26.so
7f2c8c45b000-7f2c8c45c000 rw-p 00028000 08:02 3152661                    /lib/x86_64-linux-gnu/ld-2.26.so
7f2c8c45c000-7f2c8c45d000 rw-p 00000000 00:00 0 
7ffeb9f33000-7ffeb9f55000 rw-p 00000000 00:00 0                          [stack]
7ffeb9f5c000-7ffeb9f5f000 r--p 00000000 00:00 0                          [vvar]
7ffeb9f5f000-7ffeb9f61000 r-xp 00000000 00:00 0                          [vdso]
ffffffffff600000-ffffffffff601000 r-xp 00000000 00:00 0                  [vsyscall]

VM Arguments:
jvm_args: -Dorg.gradle.appname=gradlew 
java_command: org.gradle.wrapper.GradleWrapperMain installDebug
java_class_path (initial): /home/danielle/GHP/Senior/BuildAndGo/android/gradle/wrapper/gradle-wrapper.jar
Launcher Type: SUN_STANDARD

Environment Variables:
PATH=/home/danielle/Android/Sdk/platform-tools:/home/danielle/Android/Sdk/emulator:/home/danielle/Android/Sdk/tools:/usr/local/sbin:/usr/local/bin:/usr/sbin:/usr/bin:/sbin:/bin:/usr/games:/usr/local/games:/usr/bin:/snap/bin
USERNAME=danielle
SHELL=/bin/bash
DISPLAY=:0

Signal Handlers:
SIGSEGV: [libjvm.so+0xaa6ae0], sa_mask[0]=11111111011111111101111111111110, sa_flags=SA_RESTART|SA_SIGINFO
SIGBUS: [libjvm.so+0xaa6ae0], sa_mask[0]=11111111011111111101111111111110, sa_flags=SA_RESTART|SA_SIGINFO
SIGFPE: [libjvm.so+0x8ddf00], sa_mask[0]=11111111011111111101111111111110, sa_flags=SA_RESTART|SA_SIGINFO
SIGPIPE: [libjvm.so+0x8ddf00], sa_mask[0]=11111111011111111101111111111110, sa_flags=SA_RESTART|SA_SIGINFO
SIGXFSZ: [libjvm.so+0x8ddf00], sa_mask[0]=11111111011111111101111111111110, sa_flags=SA_RESTART|SA_SIGINFO
SIGILL: [libjvm.so+0x8ddf00], sa_mask[0]=11111111011111111101111111111110, sa_flags=SA_RESTART|SA_SIGINFO
SIGUSR1: SIG_DFL, sa_mask[0]=00000000000000000000000000000000, sa_flags=none
SIGUSR2: [libjvm.so+0x8dddb0], sa_mask[0]=00000000000000000000000000000000, sa_flags=SA_RESTART|SA_SIGINFO
SIGHUP: [libjvm.so+0x8de260], sa_mask[0]=11111111011111111101111111111110, sa_flags=SA_RESTART|SA_SIGINFO
SIGINT: [libjvm.so+0x8de260], sa_mask[0]=11111111011111111101111111111110, sa_flags=SA_RESTART|SA_SIGINFO
SIGTERM: [libjvm.so+0x8de260], sa_mask[0]=11111111011111111101111111111110, sa_flags=SA_RESTART|SA_SIGINFO
SIGQUIT: [libjvm.so+0x8de260], sa_mask[0]=11111111011111111101111111111110, sa_flags=SA_RESTART|SA_SIGINFO


---------------  S Y S T E M  ---------------

OS:DISTRIB_ID=Ubuntu
DISTRIB_RELEASE=17.10
DISTRIB_CODENAME=artful
DISTRIB_DESCRIPTION="Ubuntu 17.10"

uname:Linux 4.13.0-37-generic #42-Ubuntu SMP Wed Mar 7 14:13:23 UTC 2018 x86_64
libc:glibc 2.26 NPTL 2.26 
rlimit: STACK 8192k, CORE 0k, NPROC 31168, NOFILE 4096, AS infinity
load average:15.00 5.70 2.88

/proc/meminfo:
MemTotal:        8082068 kB
MemFree:          104884 kB
MemAvailable:          0 kB
Buffers:             360 kB
Cached:          1306424 kB
SwapCached:            0 kB
Active:          6298424 kB
Inactive:        1288368 kB
Active(anon):    6294636 kB
Inactive(anon):  1283152 kB
Active(file):       3788 kB
Inactive(file):     5216 kB
Unevictable:         200 kB
Mlocked:             200 kB
SwapTotal:             0 kB
SwapFree:              0 kB
Dirty:                16 kB
Writeback:             0 kB
AnonPages:       6280644 kB
Mapped:           562896 kB
Shmem:           1297344 kB
Slab:             156344 kB
SReclaimable:      57980 kB
SUnreclaim:        98364 kB
KernelStack:       21792 kB
PageTables:       107964 kB
NFS_Unstable:          0 kB
Bounce:                0 kB
WritebackTmp:          0 kB
CommitLimit:     4041032 kB
Committed_AS:   18329492 kB
VmallocTotal:   34359738367 kB
VmallocUsed:           0 kB
VmallocChunk:          0 kB
HardwareCorrupted:     0 kB
AnonHugePages:     47104 kB
ShmemHugePages:        0 kB
ShmemPmdMapped:        0 kB
CmaTotal:              0 kB
CmaFree:               0 kB
HugePages_Total:       0
HugePages_Free:        0
HugePages_Rsvd:        0
HugePages_Surp:        0
Hugepagesize:       2048 kB
DirectMap4k:      321344 kB
DirectMap2M:     7981056 kB
DirectMap1G:     1048576 kB


CPU:total 4 (initial active 4) (2 cores per cpu, 2 threads per core) family 6 model 61 stepping 4, cmov, cx8, fxsr, mmx, sse, sse2, sse3, ssse3, sse4.1, sse4.2, popcnt, avx, avx2, aes, clmul, erms, 3dnowpref, lzcnt, ht, tsc, tscinvbit, bmi1, bmi2, adx

/proc/cpuinfo:
processor	: 0
vendor_id	: GenuineIntel
cpu family	: 6
model		: 61
model name	: Intel(R) Core(TM) i7-5500U CPU @ 2.40GHz
stepping	: 4
microcode	: 0x25
cpu MHz		: 2394.397
cache size	: 4096 KB
physical id	: 0
siblings	: 4
core id		: 0
cpu cores	: 2
apicid		: 0
initial apicid	: 0
fpu		: yes
fpu_exception	: yes
cpuid level	: 20
wp		: yes
flags		: fpu vme de pse tsc msr pae mce cx8 apic sep mtrr pge mca cmov pat pse36 clflush dts acpi mmx fxsr sse sse2 ss ht tm pbe syscall nx pdpe1gb rdtscp lm constant_tsc arch_perfmon pebs bts rep_good nopl xtopology nonstop_tsc cpuid aperfmperf pni pclmulqdq dtes64 monitor ds_cpl vmx est tm2 ssse3 sdbg fma cx16 xtpr pdcm pcid sse4_1 sse4_2 x2apic movbe popcnt tsc_deadline_timer aes xsave avx f16c rdrand lahf_lm abm 3dnowprefetch cpuid_fault epb invpcid_single pti retpoline intel_pt tpr_shadow vnmi flexpriority ept vpid fsgsbase tsc_adjust bmi1 avx2 smep bmi2 erms invpcid rdseed adx smap xsaveopt dtherm ida arat pln pts
bugs		: cpu_meltdown spectre_v1 spectre_v2
bogomips	: 4788.79
clflush size	: 64
cache_alignment	: 64
address sizes	: 39 bits physical, 48 bits virtual
power management:

processor	: 1
vendor_id	: GenuineIntel
cpu family	: 6
model		: 61
model name	: Intel(R) Core(TM) i7-5500U CPU @ 2.40GHz
stepping	: 4
microcode	: 0x25
cpu MHz		: 2394.397
cache size	: 4096 KB
physical id	: 0
siblings	: 4
core id		: 1
cpu cores	: 2
apicid		: 2
initial apicid	: 2
fpu		: yes
fpu_exception	: yes
cpuid level	: 20
wp		: yes
flags		: fpu vme de pse tsc msr pae mce cx8 apic sep mtrr pge mca cmov pat pse36 clflush dts acpi mmx fxsr sse sse2 ss ht tm pbe syscall nx pdpe1gb rdtscp lm constant_tsc arch_perfmon pebs bts rep_good nopl xtopology nonstop_tsc cpuid aperfmperf pni pclmulqdq dtes64 monitor ds_cpl vmx est tm2 ssse3 sdbg fma cx16 xtpr pdcm pcid sse4_1 sse4_2 x2apic movbe popcnt tsc_deadline_timer aes xsave avx f16c rdrand lahf_lm abm 3dnowprefetch cpuid_fault epb invpcid_single pti retpoline intel_pt tpr_shadow vnmi flexpriority ept vpid fsgsbase tsc_adjust bmi1 avx2 smep bmi2 erms invpcid rdseed adx smap xsaveopt dtherm ida arat pln pts
bugs		: cpu_meltdown spectre_v1 spectre_v2
bogomips	: 4788.79
clflush size	: 64
cache_alignment	: 64
address sizes	: 39 bits physical, 48 bits virtual
power management:

processor	: 2
vendor_id	: GenuineIntel
cpu family	: 6
model		: 61
model name	: Intel(R) Core(TM) i7-5500U CPU @ 2.40GHz
stepping	: 4
microcode	: 0x25
cpu MHz		: 2394.397
cache size	: 4096 KB
physical id	: 0
siblings	: 4
core id		: 0
cpu cores	: 2
apicid		: 1
initial apicid	: 1
fpu		: yes
fpu_exception	: yes
cpuid level	: 20
wp		: yes
flags		: fpu vme de pse tsc msr pae mce cx8 apic sep mtrr pge mca cmov pat pse36 clflush dts acpi mmx fxsr sse sse2 ss ht tm pbe syscall nx pdpe1gb rdtscp lm constant_tsc arch_perfmon pebs bts rep_good nopl xtopology nonstop_tsc cpuid aperfmperf pni pclmulqdq dtes64 monitor ds_cpl vmx est tm2 ssse3 sdbg fma cx16 xtpr pdcm pcid sse4_1 sse4_2 x2apic movbe popcnt tsc_deadline_timer aes xsave avx f16c rdrand lahf_lm abm 3dnowprefetch cpuid_fault epb invpcid_single pti retpoline intel_pt tpr_shadow vnmi flexpriority ept vpid fsgsbase tsc_adjust bmi1 avx2 smep bmi2 erms invpcid rdseed adx smap xsaveopt dtherm ida arat pln pts
bugs		: cpu_meltdown spectre_v1 spectre_v2
bogomips	: 4788.79
clflush size	: 64
cache_alignment	: 64
address sizes	: 39 bits physical, 48 bits virtual
power management:

processor	: 3
vendor_id	: GenuineIntel
cpu family	: 6
model		: 61
model name	: Intel(R) Core(TM) i7-5500U CPU @ 2.40GHz
stepping	: 4
microcode	: 0x25
cpu MHz		: 2394.397
cache size	: 4096 KB
physical id	: 0
siblings	: 4
core id		: 1
cpu cores	: 2
apicid		: 3
initial apicid	: 3
fpu		: yes
fpu_exception	: yes
cpuid level	: 20
wp		: yes
flags		: fpu vme de pse tsc msr pae mce cx8 apic sep mtrr pge mca cmov pat pse36 clflush dts acpi mmx fxsr sse sse2 ss ht tm pbe syscall nx pdpe1gb rdtscp lm constant_tsc arch_perfmon pebs bts rep_good nopl xtopology nonstop_tsc cpuid aperfmperf pni pclmulqdq dtes64 monitor ds_cpl vmx est tm2 ssse3 sdbg fma cx16 xtpr pdcm pcid sse4_1 sse4_2 x2apic movbe popcnt tsc_deadline_timer aes xsave avx f16c rdrand lahf_lm abm 3dnowprefetch cpuid_fault epb invpcid_single pti retpoline intel_pt tpr_shadow vnmi flexpriority ept vpid fsgsbase tsc_adjust bmi1 avx2 smep bmi2 erms invpcid rdseed adx smap xsaveopt dtherm ida arat pln pts
bugs		: cpu_meltdown spectre_v1 spectre_v2
bogomips	: 4788.79
clflush size	: 64
cache_alignment	: 64
address sizes	: 39 bits physical, 48 bits virtual
power management:



Memory: 4k page, physical 8082068k(105336k free), swap 0k(0k free)

vm_info: OpenJDK 64-Bit Server VM (25.151-b12) for linux-amd64 JRE (1.8.0_151-8u151-b12-0ubuntu0.17.10.2-b12), built on Oct 23 2017 22:43:02 by "buildd" with gcc 7.2.0

time: Thu Mar 22 11:43:44 2018
elapsed time: 156 seconds (0d 0h 2m 36s)

